{"D:\\Programming\\oreooks\\bot_service\\src\\auth\\auth.handler.ts": {"path":"D:\\Programming\\oreooks\\bot_service\\src\\auth\\auth.handler.ts","statementMap":{"0":{"start":{"line":2,"column":0},"end":{"line":2,"column":41}},"1":{"start":{"line":3,"column":0},"end":{"line":3,"column":62}},"2":{"start":{"line":4,"column":0},"end":{"line":4,"column":51}},"3":{"start":{"line":6,"column":0},"end":{"line":6,"column":45}},"4":{"start":{"line":7,"column":0},"end":{"line":7,"column":48}},"5":{"start":{"line":8,"column":0},"end":{"line":8,"column":34}},"6":{"start":{"line":11,"column":19},"end":{"line":90,"column":3}},"7":{"start":{"line":13,"column":16},"end":{"line":13,"column":28}},"8":{"start":{"line":14,"column":16},"end":{"line":14,"column":35}},"9":{"start":{"line":16,"column":18},"end":{"line":16,"column":51}},"10":{"start":{"line":18,"column":3},"end":{"line":21,"column":4}},"11":{"start":{"line":19,"column":4},"end":{"line":19,"column":74}},"12":{"start":{"line":20,"column":4},"end":{"line":20,"column":11}},"13":{"start":{"line":23,"column":3},"end":{"line":25,"column":6}},"14":{"start":{"line":27,"column":3},"end":{"line":29,"column":6}},"15":{"start":{"line":31,"column":3},"end":{"line":31,"column":48}},"16":{"start":{"line":35,"column":16},"end":{"line":35,"column":28}},"17":{"start":{"line":36,"column":20},"end":{"line":36,"column":39}},"18":{"start":{"line":38,"column":18},"end":{"line":38,"column":58}},"19":{"start":{"line":40,"column":3},"end":{"line":43,"column":4}},"20":{"start":{"line":41,"column":4},"end":{"line":41,"column":74}},"21":{"start":{"line":42,"column":4},"end":{"line":42,"column":11}},"22":{"start":{"line":45,"column":16},"end":{"line":45,"column":43}},"23":{"start":{"line":47,"column":3},"end":{"line":55,"column":4}},"24":{"start":{"line":48,"column":4},"end":{"line":51,"column":7}},"25":{"start":{"line":53,"column":4},"end":{"line":53,"column":44}},"26":{"start":{"line":54,"column":4},"end":{"line":54,"column":11}},"27":{"start":{"line":57,"column":3},"end":{"line":88,"column":4}},"28":{"start":{"line":58,"column":4},"end":{"line":58,"column":62}},"29":{"start":{"line":60,"column":4},"end":{"line":60,"column":34}},"30":{"start":{"line":62,"column":4},"end":{"line":65,"column":7}},"31":{"start":{"line":67,"column":4},"end":{"line":67,"column":46}},"32":{"start":{"line":68,"column":4},"end":{"line":75,"column":6}},"33":{"start":{"line":76,"column":4},"end":{"line":76,"column":11}},"34":{"start":{"line":78,"column":4},"end":{"line":78,"column":34}},"35":{"start":{"line":80,"column":4},"end":{"line":83,"column":7}},"36":{"start":{"line":85,"column":4},"end":{"line":85,"column":75}},"37":{"start":{"line":87,"column":4},"end":{"line":87,"column":11}},"38":{"start":{"line":93,"column":2},"end":{"line":93,"column":49}},"39":{"start":{"line":97,"column":2},"end":{"line":102,"column":3}},"40":{"start":{"line":98,"column":3},"end":{"line":100,"column":4}},"41":{"start":{"line":99,"column":4},"end":{"line":99,"column":46}},"42":{"start":{"line":101,"column":3},"end":{"line":101,"column":10}},"43":{"start":{"line":104,"column":2},"end":{"line":106,"column":3}},"44":{"start":{"line":105,"column":3},"end":{"line":105,"column":10}},"45":{"start":{"line":108,"column":18},"end":{"line":108,"column":53}},"46":{"start":{"line":109,"column":15},"end":{"line":109,"column":28}},"47":{"start":{"line":111,"column":2},"end":{"line":120,"column":3}},"48":{"start":{"line":112,"column":3},"end":{"line":119,"column":4}},"49":{"start":{"line":113,"column":4},"end":{"line":113,"column":34}},"50":{"start":{"line":115,"column":4},"end":{"line":117,"column":5}},"51":{"start":{"line":116,"column":5},"end":{"line":116,"column":12}},"52":{"start":{"line":118,"column":4},"end":{"line":118,"column":16}},"53":{"start":{"line":10,"column":0},"end":{"line":10,"column":13}}},"fnMap":{"0":{"name":"(anonymous_1)","decl":{"start":{"line":12,"column":9},"end":{"line":12,"column":14}},"loc":{"start":{"line":12,"column":35},"end":{"line":32,"column":3}}},"1":{"name":"(anonymous_2)","decl":{"start":{"line":34,"column":12},"end":{"line":34,"column":17}},"loc":{"start":{"line":34,"column":38},"end":{"line":89,"column":3}}},"2":{"name":"(anonymous_3)","decl":{"start":{"line":92,"column":9},"end":{"line":92,"column":19}},"loc":{"start":{"line":92,"column":32},"end":{"line":94,"column":2}}},"3":{"name":"(anonymous_4)","decl":{"start":{"line":96,"column":10},"end":{"line":96,"column":15}},"loc":{"start":{"line":96,"column":38},"end":{"line":121,"column":2}}},"4":{"name":"(anonymous_5)","decl":{"start":{"line":99,"column":36},"end":{"line":99,"column":39}},"loc":{"start":{"line":99,"column":41},"end":{"line":99,"column":44}}}},"branchMap":{"0":{"loc":{"start":{"line":18,"column":3},"end":{"line":21,"column":4}},"type":"if","locations":[{"start":{"line":18,"column":3},"end":{"line":21,"column":4}},{"start":{},"end":{}}]},"1":{"loc":{"start":{"line":19,"column":20},"end":{"line":19,"column":72}},"type":"binary-expr","locations":[{"start":{"line":19,"column":20},"end":{"line":19,"column":51}},{"start":{"line":19,"column":55},"end":{"line":19,"column":72}}]},"2":{"loc":{"start":{"line":40,"column":3},"end":{"line":43,"column":4}},"type":"if","locations":[{"start":{"line":40,"column":3},"end":{"line":43,"column":4}},{"start":{},"end":{}}]},"3":{"loc":{"start":{"line":41,"column":20},"end":{"line":41,"column":72}},"type":"binary-expr","locations":[{"start":{"line":41,"column":20},"end":{"line":41,"column":51}},{"start":{"line":41,"column":55},"end":{"line":41,"column":72}}]},"4":{"loc":{"start":{"line":47,"column":3},"end":{"line":55,"column":4}},"type":"if","locations":[{"start":{"line":47,"column":3},"end":{"line":55,"column":4}},{"start":{},"end":{}}]},"5":{"loc":{"start":{"line":85,"column":20},"end":{"line":85,"column":73}},"type":"cond-expr","locations":[{"start":{"line":85,"column":41},"end":{"line":85,"column":50}},{"start":{"line":85,"column":53},"end":{"line":85,"column":73}}]},"6":{"loc":{"start":{"line":93,"column":9},"end":{"line":93,"column":48}},"type":"binary-expr","locations":[{"start":{"line":93,"column":9},"end":{"line":93,"column":25}},{"start":{"line":93,"column":29},"end":{"line":93,"column":48}}]},"7":{"loc":{"start":{"line":97,"column":2},"end":{"line":102,"column":3}},"type":"if","locations":[{"start":{"line":97,"column":2},"end":{"line":102,"column":3}},{"start":{},"end":{}}]},"8":{"loc":{"start":{"line":98,"column":3},"end":{"line":100,"column":4}},"type":"if","locations":[{"start":{"line":98,"column":3},"end":{"line":100,"column":4}},{"start":{},"end":{}}]},"9":{"loc":{"start":{"line":104,"column":2},"end":{"line":106,"column":3}},"type":"if","locations":[{"start":{"line":104,"column":2},"end":{"line":106,"column":3}},{"start":{},"end":{}}]},"10":{"loc":{"start":{"line":104,"column":6},"end":{"line":104,"column":46}},"type":"binary-expr","locations":[{"start":{"line":104,"column":6},"end":{"line":104,"column":18}},{"start":{"line":104,"column":22},"end":{"line":104,"column":46}}]},"11":{"loc":{"start":{"line":111,"column":2},"end":{"line":120,"column":3}},"type":"if","locations":[{"start":{"line":111,"column":2},"end":{"line":120,"column":3}},{"start":{},"end":{}}]},"12":{"loc":{"start":{"line":111,"column":6},"end":{"line":111,"column":35}},"type":"binary-expr","locations":[{"start":{"line":111,"column":6},"end":{"line":111,"column":10}},{"start":{"line":111,"column":14},"end":{"line":111,"column":35}}]},"13":{"loc":{"start":{"line":115,"column":4},"end":{"line":117,"column":5}},"type":"if","locations":[{"start":{"line":115,"column":4},"end":{"line":117,"column":5}},{"start":{},"end":{}}]},"14":{"loc":{"start":{"line":115,"column":8},"end":{"line":115,"column":67}},"type":"binary-expr","locations":[{"start":{"line":115,"column":8},"end":{"line":115,"column":30}},{"start":{"line":115,"column":34},"end":{"line":115,"column":67}}]}},"s":{"0":0,"1":0,"2":0,"3":0,"4":0,"5":0,"6":0,"7":0,"8":0,"9":0,"10":0,"11":0,"12":0,"13":0,"14":0,"15":0,"16":0,"17":0,"18":0,"19":0,"20":0,"21":0,"22":0,"23":0,"24":0,"25":0,"26":0,"27":0,"28":0,"29":0,"30":0,"31":0,"32":0,"33":0,"34":0,"35":0,"36":0,"37":0,"38":0,"39":0,"40":0,"41":0,"42":0,"43":0,"44":0,"45":0,"46":0,"47":0,"48":0,"49":0,"50":0,"51":0,"52":0,"53":0},"f":{"0":0,"1":0,"2":0,"3":0,"4":0},"b":{"0":[0,0],"1":[0,0],"2":[0,0],"3":[0,0],"4":[0,0],"5":[0,0],"6":[0,0],"7":[0,0],"8":[0,0],"9":[0,0],"10":[0,0],"11":[0,0],"12":[0,0],"13":[0,0],"14":[0,0]}}
,"D:\\Programming\\oreooks\\bot_service\\src\\auth\\auth.message.ts": {"path":"D:\\Programming\\oreooks\\bot_service\\src\\auth\\auth.message.ts","statementMap":{"0":{"start":{"line":1,"column":0},"end":{"line":1,"column":16}},"1":{"start":{"line":2,"column":1},"end":{"line":7,"column":3}}},"fnMap":{"0":{"name":"formatGreeting","decl":{"start":{"line":1,"column":16},"end":{"line":1,"column":30}},"loc":{"start":{"line":1,"column":43},"end":{"line":8,"column":1}}}},"branchMap":{},"s":{"0":0,"1":0},"f":{"0":0},"b":{}}
,"D:\\Programming\\oreooks\\bot_service\\src\\auth\\auth.schema.ts": {"path":"D:\\Programming\\oreooks\\bot_service\\src\\auth\\auth.schema.ts","statementMap":{"0":{"start":{"line":1,"column":0},"end":{"line":1,"column":24}},"1":{"start":{"line":3,"column":13},"end":{"line":6,"column":37}},"2":{"start":{"line":8,"column":13},"end":{"line":11,"column":38}},"3":{"start":{"line":13,"column":13},"end":{"line":16,"column":3}},"4":{"start":{"line":18,"column":13},"end":{"line":23,"column":3}}},"fnMap":{},"branchMap":{},"s":{"0":2,"1":2,"2":2,"3":2,"4":2},"f":{},"b":{}}
,"D:\\Programming\\oreooks\\bot_service\\src\\auth\\auth.service.ts": {"path":"D:\\Programming\\oreooks\\bot_service\\src\\auth\\auth.service.ts","statementMap":{"0":{"start":{"line":1,"column":0},"end":{"line":1,"column":56}},"1":{"start":{"line":2,"column":0},"end":{"line":2,"column":47}},"2":{"start":{"line":3,"column":0},"end":{"line":3,"column":65}},"3":{"start":{"line":7,"column":2},"end":{"line":7,"column":26}},"4":{"start":{"line":11,"column":14},"end":{"line":15,"column":4}},"5":{"start":{"line":16,"column":2},"end":{"line":16,"column":61}},"6":{"start":{"line":20,"column":0},"end":{"line":20,"column":33}}},"fnMap":{"0":{"name":"(anonymous_1)","decl":{"start":{"line":6,"column":1},"end":{"line":6,"column":null}},"loc":{"start":{"line":6,"column":1},"end":{"line":8,"column":2}}},"1":{"name":"(anonymous_2)","decl":{"start":{"line":10,"column":1},"end":{"line":10,"column":6}},"loc":{"start":{"line":10,"column":61},"end":{"line":17,"column":2}}}},"branchMap":{},"s":{"0":1,"1":1,"2":1,"3":1,"4":6,"5":5,"6":1},"f":{"0":1,"1":6},"b":{}}
,"D:\\Programming\\oreooks\\bot_service\\src\\auth\\auth.validator.ts": {"path":"D:\\Programming\\oreooks\\bot_service\\src\\auth\\auth.validator.ts","statementMap":{"0":{"start":{"line":1,"column":0},"end":{"line":1,"column":72}},"1":{"start":{"line":5,"column":2},"end":{"line":5,"column":38}},"2":{"start":{"line":9,"column":2},"end":{"line":9,"column":44}},"3":{"start":{"line":13,"column":2},"end":{"line":13,"column":36}},"4":{"start":{"line":17,"column":0},"end":{"line":17,"column":35}}},"fnMap":{"0":{"name":"(anonymous_0)","decl":{"start":{"line":4,"column":1},"end":{"line":4,"column":14}},"loc":{"start":{"line":4,"column":28},"end":{"line":6,"column":2}}},"1":{"name":"(anonymous_1)","decl":{"start":{"line":8,"column":1},"end":{"line":8,"column":17}},"loc":{"start":{"line":8,"column":34},"end":{"line":10,"column":2}}},"2":{"name":"(anonymous_2)","decl":{"start":{"line":12,"column":1},"end":{"line":12,"column":13}},"loc":{"start":{"line":12,"column":27},"end":{"line":14,"column":2}}}},"branchMap":{},"s":{"0":1,"1":3,"2":3,"3":3,"4":1},"f":{"0":3,"1":3,"2":3},"b":{}}
,"D:\\Programming\\oreooks\\bot_service\\src\\base\\base.handler.ts": {"path":"D:\\Programming\\oreooks\\bot_service\\src\\base\\base.handler.ts","statementMap":{"0":{"start":{"line":5,"column":2},"end":{"line":5,"column":29}},"1":{"start":{"line":6,"column":2},"end":{"line":6,"column":9}},"2":{"start":{"line":3,"column":0},"end":{"line":3,"column":13}}},"fnMap":{"0":{"name":"(anonymous_0)","decl":{"start":{"line":4,"column":1},"end":{"line":4,"column":6}},"loc":{"start":{"line":4,"column":29},"end":{"line":7,"column":2}}}},"branchMap":{},"s":{"0":0,"1":0,"2":0},"f":{"0":0},"b":{}}
,"D:\\Programming\\oreooks\\bot_service\\src\\base\\base.service.ts": {"path":"D:\\Programming\\oreooks\\bot_service\\src\\base\\base.service.ts","statementMap":{"0":{"start":{"line":9,"column":2},"end":{"line":13,"column":3}},"1":{"start":{"line":10,"column":3},"end":{"line":10,"column":33}},"2":{"start":{"line":12,"column":3},"end":{"line":12,"column":20}},"3":{"start":{"line":14,"column":2},"end":{"line":16,"column":4}},"4":{"start":{"line":20,"column":2},"end":{"line":23,"column":3}},"5":{"start":{"line":21,"column":21},"end":{"line":21,"column":52}},"6":{"start":{"line":22,"column":3},"end":{"line":22,"column":60}},"7":{"start":{"line":25,"column":22},"end":{"line":25,"column":53}},"8":{"start":{"line":26,"column":2},"end":{"line":29,"column":3}},"9":{"start":{"line":27,"column":16},"end":{"line":27,"column":32}},"10":{"start":{"line":28,"column":3},"end":{"line":28,"column":86}},"11":{"start":{"line":31,"column":2},"end":{"line":40,"column":3}},"12":{"start":{"line":32,"column":16},"end":{"line":32,"column":32}},"13":{"start":{"line":33,"column":18},"end":{"line":33,"column":36}},"14":{"start":{"line":34,"column":3},"end":{"line":34,"column":17}},"15":{"start":{"line":36,"column":3},"end":{"line":38,"column":4}},"16":{"start":{"line":37,"column":4},"end":{"line":37,"column":68}},"17":{"start":{"line":39,"column":3},"end":{"line":39,"column":40}},"18":{"start":{"line":44,"column":2},"end":{"line":48,"column":3}},"19":{"start":{"line":45,"column":3},"end":{"line":45,"column":27}},"20":{"start":{"line":47,"column":3},"end":{"line":47,"column":65}},"21":{"start":{"line":3,"column":0},"end":{"line":3,"column":30}}},"fnMap":{"0":{"name":"(anonymous_0)","decl":{"start":{"line":7,"column":1},"end":{"line":7,"column":13}},"loc":{"start":{"line":7,"column":25},"end":{"line":17,"column":2}}},"1":{"name":"(anonymous_1)","decl":{"start":{"line":19,"column":11},"end":{"line":19,"column":16}},"loc":{"start":{"line":19,"column":61},"end":{"line":41,"column":2}}},"2":{"name":"(anonymous_2)","decl":{"start":{"line":43,"column":9},"end":{"line":43,"column":14}},"loc":{"start":{"line":43,"column":44},"end":{"line":49,"column":2}}}},"branchMap":{"0":{"loc":{"start":{"line":9,"column":2},"end":{"line":13,"column":3}},"type":"if","locations":[{"start":{"line":9,"column":2},"end":{"line":13,"column":3}},{"start":{"line":11,"column":9},"end":{"line":13,"column":3}}]},"1":{"loc":{"start":{"line":9,"column":6},"end":{"line":9,"column":65}},"type":"binary-expr","locations":[{"start":{"line":9,"column":6},"end":{"line":9,"column":33}},{"start":{"line":9,"column":37},"end":{"line":9,"column":65}}]},"2":{"loc":{"start":{"line":20,"column":2},"end":{"line":23,"column":3}},"type":"if","locations":[{"start":{"line":20,"column":2},"end":{"line":23,"column":3}},{"start":{},"end":{}}]},"3":{"loc":{"start":{"line":26,"column":2},"end":{"line":29,"column":3}},"type":"if","locations":[{"start":{"line":26,"column":2},"end":{"line":29,"column":3}},{"start":{},"end":{}}]},"4":{"loc":{"start":{"line":26,"column":6},"end":{"line":26,"column":63}},"type":"binary-expr","locations":[{"start":{"line":26,"column":6},"end":{"line":26,"column":18}},{"start":{"line":26,"column":22},"end":{"line":26,"column":63}}]},"5":{"loc":{"start":{"line":36,"column":3},"end":{"line":38,"column":4}},"type":"if","locations":[{"start":{"line":36,"column":3},"end":{"line":38,"column":4}},{"start":{},"end":{}}]}},"s":{"0":15,"1":13,"2":2,"3":15,"4":25,"5":4,"6":4,"7":21,"8":21,"9":2,"10":2,"11":19,"12":19,"13":18,"14":15,"15":4,"16":4,"17":0,"18":4,"19":4,"20":0,"21":4},"f":{"0":15,"1":25,"2":4},"b":{"0":[13,2],"1":[15,14],"2":[4,21],"3":[2,19],"4":[21,21],"5":[4,0]}}
,"D:\\Programming\\oreooks\\bot_service\\src\\config\\bot.config.ts": {"path":"D:\\Programming\\oreooks\\bot_service\\src\\config\\bot.config.ts","statementMap":{"0":{"start":{"line":8,"column":0},"end":{"line":8,"column":24}},"1":{"start":{"line":1,"column":0},"end":{"line":1,"column":36}},"2":{"start":{"line":2,"column":0},"end":{"line":2,"column":41}},"3":{"start":{"line":3,"column":0},"end":{"line":3,"column":49}},"4":{"start":{"line":5,"column":0},"end":{"line":5,"column":54}},"5":{"start":{"line":6,"column":0},"end":{"line":6,"column":38}},"6":{"start":{"line":9,"column":13},"end":{"line":9,"column":58}},"7":{"start":{"line":11,"column":1},"end":{"line":22,"column":4}},"8":{"start":{"line":12,"column":2},"end":{"line":14,"column":3}},"9":{"start":{"line":13,"column":3},"end":{"line":13,"column":17}},"10":{"start":{"line":16,"column":2},"end":{"line":19,"column":3}},"11":{"start":{"line":17,"column":3},"end":{"line":17,"column":81}},"12":{"start":{"line":18,"column":3},"end":{"line":18,"column":10}},"13":{"start":{"line":21,"column":2},"end":{"line":21,"column":27}},"14":{"start":{"line":24,"column":1},"end":{"line":35,"column":4}},"15":{"start":{"line":25,"column":18},"end":{"line":25,"column":52}},"16":{"start":{"line":27,"column":2},"end":{"line":32,"column":3}},"17":{"start":{"line":28,"column":3},"end":{"line":31,"column":6}},"18":{"start":{"line":34,"column":2},"end":{"line":34,"column":55}},"19":{"start":{"line":37,"column":1},"end":{"line":39,"column":4}},"20":{"start":{"line":38,"column":2},"end":{"line":38,"column":51}},"21":{"start":{"line":41,"column":1},"end":{"line":41,"column":14}},"22":{"start":{"line":43,"column":1},"end":{"line":43,"column":12}}},"fnMap":{"0":{"name":"startBot","decl":{"start":{"line":8,"column":24},"end":{"line":8,"column":32}},"loc":{"start":{"line":8,"column":32},"end":{"line":44,"column":1}}},"1":{"name":"(anonymous_2)","decl":{"start":{"line":11,"column":9},"end":{"line":11,"column":14}},"loc":{"start":{"line":11,"column":29},"end":{"line":22,"column":2}}},"2":{"name":"(anonymous_3)","decl":{"start":{"line":17,"column":71},"end":{"line":17,"column":74}},"loc":{"start":{"line":17,"column":76},"end":{"line":17,"column":79}}},"3":{"name":"(anonymous_4)","decl":{"start":{"line":24,"column":11},"end":{"line":24,"column":16}},"loc":{"start":{"line":24,"column":25},"end":{"line":35,"column":2}}},"4":{"name":"(anonymous_5)","decl":{"start":{"line":37,"column":11},"end":{"line":37,"column":12}},"loc":{"start":{"line":37,"column":24},"end":{"line":39,"column":2}}}},"branchMap":{"0":{"loc":{"start":{"line":12,"column":2},"end":{"line":14,"column":3}},"type":"if","locations":[{"start":{"line":12,"column":2},"end":{"line":14,"column":3}},{"start":{},"end":{}}]},"1":{"loc":{"start":{"line":12,"column":6},"end":{"line":12,"column":75}},"type":"binary-expr","locations":[{"start":{"line":12,"column":6},"end":{"line":12,"column":17}},{"start":{"line":12,"column":21},"end":{"line":12,"column":42}},{"start":{"line":12,"column":46},"end":{"line":12,"column":75}}]},"2":{"loc":{"start":{"line":16,"column":2},"end":{"line":19,"column":3}},"type":"if","locations":[{"start":{"line":16,"column":2},"end":{"line":19,"column":3}},{"start":{},"end":{}}]},"3":{"loc":{"start":{"line":16,"column":6},"end":{"line":16,"column":45}},"type":"binary-expr","locations":[{"start":{"line":16,"column":6},"end":{"line":16,"column":17}},{"start":{"line":16,"column":21},"end":{"line":16,"column":45}}]},"4":{"loc":{"start":{"line":27,"column":2},"end":{"line":32,"column":3}},"type":"if","locations":[{"start":{"line":27,"column":2},"end":{"line":32,"column":3}},{"start":{},"end":{}}]}},"s":{"0":0,"1":0,"2":0,"3":0,"4":0,"5":0,"6":0,"7":0,"8":0,"9":0,"10":0,"11":0,"12":0,"13":0,"14":0,"15":0,"16":0,"17":0,"18":0,"19":0,"20":0,"21":0,"22":0},"f":{"0":0,"1":0,"2":0,"3":0,"4":0},"b":{"0":[0,0],"1":[0,0,0],"2":[0,0],"3":[0,0],"4":[0,0]}}
,"D:\\Programming\\oreooks\\bot_service\\src\\config\\env.config.ts": {"path":"D:\\Programming\\oreooks\\bot_service\\src\\config\\env.config.ts","statementMap":{"0":{"start":{"line":1,"column":0},"end":{"line":1,"column":28}},"1":{"start":{"line":2,"column":0},"end":{"line":2,"column":16}},"2":{"start":{"line":4,"column":13},"end":{"line":4,"column":65}},"3":{"start":{"line":5,"column":13},"end":{"line":5,"column":79}},"4":{"start":{"line":6,"column":13},"end":{"line":6,"column":67}},"5":{"start":{"line":8,"column":0},"end":{"line":10,"column":1}},"6":{"start":{"line":9,"column":1},"end":{"line":9,"column":48}},"7":{"start":{"line":12,"column":0},"end":{"line":14,"column":1}},"8":{"start":{"line":13,"column":1},"end":{"line":13,"column":55}},"9":{"start":{"line":16,"column":0},"end":{"line":18,"column":1}},"10":{"start":{"line":17,"column":1},"end":{"line":17,"column":49}}},"fnMap":{},"branchMap":{"0":{"loc":{"start":{"line":8,"column":0},"end":{"line":10,"column":1}},"type":"if","locations":[{"start":{"line":8,"column":0},"end":{"line":10,"column":1}},{"start":{},"end":{}}]},"1":{"loc":{"start":{"line":12,"column":0},"end":{"line":14,"column":1}},"type":"if","locations":[{"start":{"line":12,"column":0},"end":{"line":14,"column":1}},{"start":{},"end":{}}]},"2":{"loc":{"start":{"line":16,"column":0},"end":{"line":18,"column":1}},"type":"if","locations":[{"start":{"line":16,"column":0},"end":{"line":18,"column":1}},{"start":{},"end":{}}]}},"s":{"0":3,"1":3,"2":3,"3":3,"4":3,"5":3,"6":0,"7":3,"8":0,"9":3,"10":0},"f":{},"b":{"0":[0,3],"1":[0,3],"2":[0,3]}}
,"D:\\Programming\\oreooks\\bot_service\\src\\config\\redis.config.ts": {"path":"D:\\Programming\\oreooks\\bot_service\\src\\config\\redis.config.ts","statementMap":{"0":{"start":{"line":1,"column":0},"end":{"line":1,"column":28}},"1":{"start":{"line":2,"column":0},"end":{"line":2,"column":42}},"2":{"start":{"line":4,"column":0},"end":{"line":4,"column":37}}},"fnMap":{},"branchMap":{},"s":{"0":0,"1":0,"2":0},"f":{},"b":{}}
,"D:\\Programming\\oreooks\\bot_service\\src\\events\\events.handler.ts": {"path":"D:\\Programming\\oreooks\\bot_service\\src\\events\\events.handler.ts","statementMap":{"0":{"start":{"line":1,"column":0},"end":{"line":1,"column":7}},"1":{"start":{"line":2,"column":0},"end":{"line":2,"column":51}},"2":{"start":{"line":4,"column":0},"end":{"line":4,"column":13}}},"fnMap":{"0":{"name":"eventsHandler","decl":{"start":{"line":1,"column":22},"end":{"line":1,"column":35}},"loc":{"start":{"line":1,"column":35},"end":{"line":1,"column":40}}}},"branchMap":{},"s":{"0":0,"1":0,"2":0},"f":{"0":0},"b":{}}
,"D:\\Programming\\oreooks\\bot_service\\src\\menu\\menu.handler.ts": {"path":"D:\\Programming\\oreooks\\bot_service\\src\\menu\\menu.handler.ts","statementMap":{"0":{"start":{"line":2,"column":0},"end":{"line":2,"column":49}},"1":{"start":{"line":3,"column":0},"end":{"line":3,"column":51}},"2":{"start":{"line":4,"column":0},"end":{"line":4,"column":43}},"3":{"start":{"line":5,"column":0},"end":{"line":5,"column":54}},"4":{"start":{"line":8,"column":19},"end":{"line":44,"column":3}},"5":{"start":{"line":10,"column":16},"end":{"line":10,"column":28}},"6":{"start":{"line":12,"column":3},"end":{"line":15,"column":6}},"7":{"start":{"line":17,"column":3},"end":{"line":17,"column":29}},"8":{"start":{"line":19,"column":24},"end":{"line":19,"column":42}},"9":{"start":{"line":20,"column":3},"end":{"line":20,"column":41}},"10":{"start":{"line":24,"column":16},"end":{"line":24,"column":28}},"11":{"start":{"line":26,"column":3},"end":{"line":29,"column":6}},"12":{"start":{"line":31,"column":3},"end":{"line":31,"column":10}},"13":{"start":{"line":35,"column":16},"end":{"line":35,"column":28}},"14":{"start":{"line":37,"column":3},"end":{"line":40,"column":6}},"15":{"start":{"line":42,"column":3},"end":{"line":42,"column":10}},"16":{"start":{"line":47,"column":15},"end":{"line":47,"column":27}},"17":{"start":{"line":48,"column":18},"end":{"line":48,"column":45}},"18":{"start":{"line":50,"column":2},"end":{"line":60,"column":3}},"19":{"start":{"line":51,"column":16},"end":{"line":51,"column":38}},"20":{"start":{"line":53,"column":3},"end":{"line":53,"column":29}},"21":{"start":{"line":55,"column":3},"end":{"line":59,"column":4}},"22":{"start":{"line":56,"column":4},"end":{"line":56,"column":63}},"23":{"start":{"line":58,"column":4},"end":{"line":58,"column":11}},"24":{"start":{"line":62,"column":2},"end":{"line":64,"column":3}},"25":{"start":{"line":63,"column":3},"end":{"line":63,"column":23}},"26":{"start":{"line":65,"column":2},"end":{"line":65,"column":9}},"27":{"start":{"line":7,"column":0},"end":{"line":7,"column":13}}},"fnMap":{"0":{"name":"(anonymous_0)","decl":{"start":{"line":9,"column":13},"end":{"line":9,"column":18}},"loc":{"start":{"line":9,"column":39},"end":{"line":21,"column":3}}},"1":{"name":"(anonymous_1)","decl":{"start":{"line":23,"column":16},"end":{"line":23,"column":21}},"loc":{"start":{"line":23,"column":42},"end":{"line":32,"column":3}}},"2":{"name":"(anonymous_2)","decl":{"start":{"line":34,"column":14},"end":{"line":34,"column":19}},"loc":{"start":{"line":34,"column":40},"end":{"line":43,"column":3}}},"3":{"name":"(anonymous_3)","decl":{"start":{"line":46,"column":10},"end":{"line":46,"column":15}},"loc":{"start":{"line":46,"column":38},"end":{"line":66,"column":2}}}},"branchMap":{"0":{"loc":{"start":{"line":50,"column":2},"end":{"line":60,"column":3}},"type":"if","locations":[{"start":{"line":50,"column":2},"end":{"line":60,"column":3}},{"start":{},"end":{}}]},"1":{"loc":{"start":{"line":50,"column":6},"end":{"line":50,"column":54}},"type":"binary-expr","locations":[{"start":{"line":50,"column":6},"end":{"line":50,"column":23}},{"start":{"line":50,"column":27},"end":{"line":50,"column":54}}]},"2":{"loc":{"start":{"line":55,"column":3},"end":{"line":59,"column":4}},"type":"if","locations":[{"start":{"line":55,"column":3},"end":{"line":59,"column":4}},{"start":{},"end":{}}]},"3":{"loc":{"start":{"line":62,"column":2},"end":{"line":64,"column":3}},"type":"if","locations":[{"start":{"line":62,"column":2},"end":{"line":64,"column":3}},{"start":{},"end":{}}]}},"s":{"0":0,"1":0,"2":0,"3":0,"4":0,"5":0,"6":0,"7":0,"8":0,"9":0,"10":0,"11":0,"12":0,"13":0,"14":0,"15":0,"16":0,"17":0,"18":0,"19":0,"20":0,"21":0,"22":0,"23":0,"24":0,"25":0,"26":0,"27":0},"f":{"0":0,"1":0,"2":0,"3":0},"b":{"0":[0,0],"1":[0,0],"2":[0,0],"3":[0,0]}}
,"D:\\Programming\\oreooks\\bot_service\\src\\menu\\menu.messages.ts": {"path":"D:\\Programming\\oreooks\\bot_service\\src\\menu\\menu.messages.ts","statementMap":{"0":{"start":{"line":4,"column":0},"end":{"line":4,"column":7}},"1":{"start":{"line":2,"column":0},"end":{"line":2,"column":34}},"2":{"start":{"line":5,"column":1},"end":{"line":12,"column":3}},"3":{"start":{"line":13,"column":1},"end":{"line":13,"column":8}}},"fnMap":{"0":{"name":"showMenu","decl":{"start":{"line":4,"column":22},"end":{"line":4,"column":30}},"loc":{"start":{"line":4,"column":46},"end":{"line":14,"column":1}}}},"branchMap":{},"s":{"0":0,"1":0,"2":0,"3":0},"f":{"0":0},"b":{}}
,"D:\\Programming\\oreooks\\bot_service\\src\\router\\router.ts": {"path":"D:\\Programming\\oreooks\\bot_service\\src\\router\\router.ts","statementMap":{"0":{"start":{"line":3,"column":0},"end":{"line":3,"column":51}},"1":{"start":{"line":4,"column":0},"end":{"line":4,"column":51}},"2":{"start":{"line":5,"column":0},"end":{"line":5,"column":54}},"3":{"start":{"line":6,"column":0},"end":{"line":6,"column":63}},"4":{"start":{"line":7,"column":0},"end":{"line":7,"column":57}},"5":{"start":{"line":9,"column":0},"end":{"line":9,"column":49}},"6":{"start":{"line":15,"column":2},"end":{"line":21,"column":4}},"7":{"start":{"line":25,"column":15},"end":{"line":25,"column":27}},"8":{"start":{"line":26,"column":2},"end":{"line":26,"column":20}},"9":{"start":{"line":26,"column":13},"end":{"line":26,"column":20}},"10":{"start":{"line":28,"column":18},"end":{"line":28,"column":45}},"11":{"start":{"line":30,"column":16},"end":{"line":30,"column":30}},"12":{"start":{"line":32,"column":2},"end":{"line":32,"column":89}},"13":{"start":{"line":34,"column":2},"end":{"line":42,"column":3}},"14":{"start":{"line":35,"column":3},"end":{"line":35,"column":78}},"15":{"start":{"line":36,"column":3},"end":{"line":39,"column":6}},"16":{"start":{"line":41,"column":3},"end":{"line":41,"column":52}},"17":{"start":{"line":44,"column":2},"end":{"line":44,"column":65}},"18":{"start":{"line":45,"column":2},"end":{"line":45,"column":48}},"19":{"start":{"line":49,"column":0},"end":{"line":49,"column":28}}},"fnMap":{"0":{"name":"(anonymous_0)","decl":{"start":{"line":14,"column":1},"end":{"line":14,"column":null}},"loc":{"start":{"line":14,"column":1},"end":{"line":22,"column":2}}},"1":{"name":"(anonymous_1)","decl":{"start":{"line":24,"column":1},"end":{"line":24,"column":6}},"loc":{"start":{"line":24,"column":28},"end":{"line":46,"column":2}}}},"branchMap":{"0":{"loc":{"start":{"line":26,"column":2},"end":{"line":26,"column":20}},"type":"if","locations":[{"start":{"line":26,"column":2},"end":{"line":26,"column":20}},{"start":{},"end":{}}]},"1":{"loc":{"start":{"line":34,"column":2},"end":{"line":42,"column":3}},"type":"if","locations":[{"start":{"line":34,"column":2},"end":{"line":42,"column":3}},{"start":{},"end":{}}]},"2":{"loc":{"start":{"line":34,"column":6},"end":{"line":34,"column":41}},"type":"binary-expr","locations":[{"start":{"line":34,"column":6},"end":{"line":34,"column":12}},{"start":{"line":34,"column":16},"end":{"line":34,"column":41}}]}},"s":{"0":0,"1":0,"2":0,"3":0,"4":0,"5":0,"6":0,"7":0,"8":0,"9":0,"10":0,"11":0,"12":0,"13":0,"14":0,"15":0,"16":0,"17":0,"18":0,"19":0},"f":{"0":0,"1":0},"b":{"0":[0,0],"1":[0,0],"2":[0,0]}}
,"D:\\Programming\\oreooks\\bot_service\\src\\schedule\\schedule.handler.ts": {"path":"D:\\Programming\\oreooks\\bot_service\\src\\schedule\\schedule.handler.ts","statementMap":{"0":{"start":{"line":1,"column":0},"end":{"line":1,"column":51}},"1":{"start":{"line":3,"column":0},"end":{"line":3,"column":49}},"2":{"start":{"line":4,"column":0},"end":{"line":4,"column":49}},"3":{"start":{"line":5,"column":0},"end":{"line":5,"column":53}},"4":{"start":{"line":6,"column":0},"end":{"line":6,"column":34}},"5":{"start":{"line":10,"column":78},"end":{"line":158,"column":3}},"6":{"start":{"line":12,"column":16},"end":{"line":12,"column":28}},"7":{"start":{"line":14,"column":3},"end":{"line":17,"column":6}},"8":{"start":{"line":19,"column":3},"end":{"line":19,"column":38}},"9":{"start":{"line":23,"column":16},"end":{"line":23,"column":28}},"10":{"start":{"line":24,"column":17},"end":{"line":24,"column":27}},"11":{"start":{"line":26,"column":3},"end":{"line":60,"column":4}},"12":{"start":{"line":27,"column":19},"end":{"line":27,"column":65}},"13":{"start":{"line":29,"column":4},"end":{"line":34,"column":5}},"14":{"start":{"line":30,"column":5},"end":{"line":32,"column":8}},"15":{"start":{"line":33,"column":5},"end":{"line":33,"column":12}},"16":{"start":{"line":36,"column":24},"end":{"line":36,"column":61}},"17":{"start":{"line":38,"column":21},"end":{"line":44,"column":6}},"18":{"start":{"line":46,"column":4},"end":{"line":56,"column":5}},"19":{"start":{"line":47,"column":5},"end":{"line":50,"column":8}},"20":{"start":{"line":52,"column":5},"end":{"line":55,"column":8}},"21":{"start":{"line":58,"column":4},"end":{"line":58,"column":59}},"22":{"start":{"line":59,"column":4},"end":{"line":59,"column":87}},"23":{"start":{"line":64,"column":16},"end":{"line":64,"column":28}},"24":{"start":{"line":65,"column":20},"end":{"line":65,"column":30}},"25":{"start":{"line":66,"column":3},"end":{"line":66,"column":44}},"26":{"start":{"line":68,"column":3},"end":{"line":102,"column":4}},"27":{"start":{"line":69,"column":19},"end":{"line":69,"column":68}},"28":{"start":{"line":71,"column":4},"end":{"line":76,"column":5}},"29":{"start":{"line":72,"column":5},"end":{"line":74,"column":8}},"30":{"start":{"line":75,"column":5},"end":{"line":75,"column":12}},"31":{"start":{"line":78,"column":24},"end":{"line":78,"column":61}},"32":{"start":{"line":80,"column":21},"end":{"line":86,"column":6}},"33":{"start":{"line":88,"column":4},"end":{"line":98,"column":5}},"34":{"start":{"line":89,"column":5},"end":{"line":92,"column":8}},"35":{"start":{"line":94,"column":5},"end":{"line":97,"column":8}},"36":{"start":{"line":100,"column":4},"end":{"line":100,"column":62}},"37":{"start":{"line":101,"column":4},"end":{"line":101,"column":86}},"38":{"start":{"line":106,"column":16},"end":{"line":106,"column":28}},"39":{"start":{"line":107,"column":21},"end":{"line":107,"column":31}},"40":{"start":{"line":108,"column":3},"end":{"line":108,"column":46}},"41":{"start":{"line":110,"column":3},"end":{"line":144,"column":4}},"42":{"start":{"line":111,"column":19},"end":{"line":111,"column":69}},"43":{"start":{"line":113,"column":4},"end":{"line":118,"column":5}},"44":{"start":{"line":114,"column":5},"end":{"line":116,"column":8}},"45":{"start":{"line":117,"column":5},"end":{"line":117,"column":12}},"46":{"start":{"line":120,"column":24},"end":{"line":120,"column":61}},"47":{"start":{"line":122,"column":21},"end":{"line":128,"column":6}},"48":{"start":{"line":130,"column":4},"end":{"line":140,"column":5}},"49":{"start":{"line":131,"column":5},"end":{"line":134,"column":8}},"50":{"start":{"line":136,"column":5},"end":{"line":139,"column":8}},"51":{"start":{"line":142,"column":4},"end":{"line":142,"column":63}},"52":{"start":{"line":143,"column":4},"end":{"line":143,"column":85}},"53":{"start":{"line":148,"column":16},"end":{"line":148,"column":28}},"54":{"start":{"line":150,"column":3},"end":{"line":153,"column":6}},"55":{"start":{"line":155,"column":24},"end":{"line":155,"column":61}},"56":{"start":{"line":156,"column":3},"end":{"line":156,"column":23}},"57":{"start":{"line":161,"column":15},"end":{"line":161,"column":27}},"58":{"start":{"line":163,"column":2},"end":{"line":176,"column":3}},"59":{"start":{"line":164,"column":16},"end":{"line":164,"column":38}},"60":{"start":{"line":166,"column":3},"end":{"line":166,"column":75}},"61":{"start":{"line":168,"column":3},"end":{"line":168,"column":45}},"62":{"start":{"line":170,"column":3},"end":{"line":172,"column":4}},"63":{"start":{"line":171,"column":4},"end":{"line":171,"column":53}},"64":{"start":{"line":174,"column":3},"end":{"line":174,"column":67}},"65":{"start":{"line":175,"column":3},"end":{"line":175,"column":10}},"66":{"start":{"line":178,"column":2},"end":{"line":178,"column":37}},"67":{"start":{"line":9,"column":0},"end":{"line":9,"column":13}}},"fnMap":{"0":{"name":"(anonymous_10)","decl":{"start":{"line":11,"column":8},"end":{"line":11,"column":13}},"loc":{"start":{"line":11,"column":34},"end":{"line":20,"column":3}}},"1":{"name":"(anonymous_11)","decl":{"start":{"line":22,"column":13},"end":{"line":22,"column":18}},"loc":{"start":{"line":22,"column":39},"end":{"line":61,"column":3}}},"2":{"name":"(anonymous_12)","decl":{"start":{"line":63,"column":16},"end":{"line":63,"column":21}},"loc":{"start":{"line":63,"column":42},"end":{"line":103,"column":3}}},"3":{"name":"(anonymous_13)","decl":{"start":{"line":105,"column":17},"end":{"line":105,"column":22}},"loc":{"start":{"line":105,"column":43},"end":{"line":145,"column":3}}},"4":{"name":"(anonymous_14)","decl":{"start":{"line":147,"column":12},"end":{"line":147,"column":17}},"loc":{"start":{"line":147,"column":38},"end":{"line":157,"column":3}}},"5":{"name":"(anonymous_15)","decl":{"start":{"line":155,"column":24},"end":{"line":155,"column":37}},"loc":{"start":{"line":155,"column":24},"end":{"line":155,"column":61}}},"6":{"name":"(anonymous_16)","decl":{"start":{"line":160,"column":10},"end":{"line":160,"column":15}},"loc":{"start":{"line":160,"column":38},"end":{"line":179,"column":2}}},"7":{"name":"(anonymous_17)","decl":{"start":{"line":168,"column":35},"end":{"line":168,"column":38}},"loc":{"start":{"line":168,"column":40},"end":{"line":168,"column":43}}}},"branchMap":{"0":{"loc":{"start":{"line":29,"column":4},"end":{"line":34,"column":5}},"type":"if","locations":[{"start":{"line":29,"column":4},"end":{"line":34,"column":5}},{"start":{},"end":{}}]},"1":{"loc":{"start":{"line":29,"column":8},"end":{"line":29,"column":43}},"type":"binary-expr","locations":[{"start":{"line":29,"column":8},"end":{"line":29,"column":23}},{"start":{"line":29,"column":27},"end":{"line":29,"column":43}}]},"2":{"loc":{"start":{"line":30,"column":56},"end":{"line":30,"column":75}},"type":"binary-expr","locations":[{"start":{"line":30,"column":56},"end":{"line":30,"column":69}},{"start":{"line":30,"column":73},"end":{"line":30,"column":75}}]},"3":{"loc":{"start":{"line":71,"column":4},"end":{"line":76,"column":5}},"type":"if","locations":[{"start":{"line":71,"column":4},"end":{"line":76,"column":5}},{"start":{},"end":{}}]},"4":{"loc":{"start":{"line":71,"column":8},"end":{"line":71,"column":43}},"type":"binary-expr","locations":[{"start":{"line":71,"column":8},"end":{"line":71,"column":23}},{"start":{"line":71,"column":27},"end":{"line":71,"column":43}}]},"5":{"loc":{"start":{"line":72,"column":55},"end":{"line":72,"column":74}},"type":"binary-expr","locations":[{"start":{"line":72,"column":55},"end":{"line":72,"column":68}},{"start":{"line":72,"column":72},"end":{"line":72,"column":74}}]},"6":{"loc":{"start":{"line":113,"column":4},"end":{"line":118,"column":5}},"type":"if","locations":[{"start":{"line":113,"column":4},"end":{"line":118,"column":5}},{"start":{},"end":{}}]},"7":{"loc":{"start":{"line":113,"column":8},"end":{"line":113,"column":43}},"type":"binary-expr","locations":[{"start":{"line":113,"column":8},"end":{"line":113,"column":23}},{"start":{"line":113,"column":27},"end":{"line":113,"column":43}}]},"8":{"loc":{"start":{"line":114,"column":54},"end":{"line":114,"column":73}},"type":"binary-expr","locations":[{"start":{"line":114,"column":54},"end":{"line":114,"column":67}},{"start":{"line":114,"column":71},"end":{"line":114,"column":73}}]},"9":{"loc":{"start":{"line":163,"column":2},"end":{"line":176,"column":3}},"type":"if","locations":[{"start":{"line":163,"column":2},"end":{"line":176,"column":3}},{"start":{},"end":{}}]},"10":{"loc":{"start":{"line":163,"column":6},"end":{"line":163,"column":88}},"type":"binary-expr","locations":[{"start":{"line":163,"column":6},"end":{"line":163,"column":36}},{"start":{"line":163,"column":40},"end":{"line":163,"column":57}},{"start":{"line":163,"column":61},"end":{"line":163,"column":88}}]},"11":{"loc":{"start":{"line":170,"column":3},"end":{"line":172,"column":4}},"type":"if","locations":[{"start":{"line":170,"column":3},"end":{"line":172,"column":4}},{"start":{},"end":{}}]}},"s":{"0":0,"1":0,"2":0,"3":0,"4":0,"5":0,"6":0,"7":0,"8":0,"9":0,"10":0,"11":0,"12":0,"13":0,"14":0,"15":0,"16":0,"17":0,"18":0,"19":0,"20":0,"21":0,"22":0,"23":0,"24":0,"25":0,"26":0,"27":0,"28":0,"29":0,"30":0,"31":0,"32":0,"33":0,"34":0,"35":0,"36":0,"37":0,"38":0,"39":0,"40":0,"41":0,"42":0,"43":0,"44":0,"45":0,"46":0,"47":0,"48":0,"49":0,"50":0,"51":0,"52":0,"53":0,"54":0,"55":0,"56":0,"57":0,"58":0,"59":0,"60":0,"61":0,"62":0,"63":0,"64":0,"65":0,"66":0,"67":0},"f":{"0":0,"1":0,"2":0,"3":0,"4":0,"5":0,"6":0,"7":0},"b":{"0":[0,0],"1":[0,0],"2":[0,0],"3":[0,0],"4":[0,0],"5":[0,0],"6":[0,0],"7":[0,0],"8":[0,0],"9":[0,0],"10":[0,0,0],"11":[0,0]}}
,"D:\\Programming\\oreooks\\bot_service\\src\\schedule\\schedule.messages.ts": {"path":"D:\\Programming\\oreooks\\bot_service\\src\\schedule\\schedule.messages.ts","statementMap":{"0":{"start":{"line":3,"column":0},"end":{"line":3,"column":7}},"1":{"start":{"line":4,"column":1},"end":{"line":18,"column":3}},"2":{"start":{"line":10,"column":4},"end":{"line":15,"column":6}}},"fnMap":{"0":{"name":"formatSchedule","decl":{"start":{"line":3,"column":22},"end":{"line":3,"column":36}},"loc":{"start":{"line":3,"column":55},"end":{"line":19,"column":1}}},"1":{"name":"(anonymous_1)","decl":{"start":{"line":9,"column":8},"end":{"line":9,"column":9}},"loc":{"start":{"line":9,"column":19},"end":{"line":16,"column":4}}}},"branchMap":{},"s":{"0":0,"1":0,"2":0},"f":{"0":0,"1":0},"b":{}}
,"D:\\Programming\\oreooks\\bot_service\\src\\schedule\\schedule.schema.ts": {"path":"D:\\Programming\\oreooks\\bot_service\\src\\schedule\\schedule.schema.ts","statementMap":{"0":{"start":{"line":1,"column":0},"end":{"line":1,"column":24}},"1":{"start":{"line":3,"column":13},"end":{"line":11,"column":3}},"2":{"start":{"line":13,"column":13},"end":{"line":19,"column":3}},"3":{"start":{"line":21,"column":13},"end":{"line":25,"column":3}}},"fnMap":{},"branchMap":{},"s":{"0":1,"1":1,"2":1,"3":1},"f":{},"b":{}}
,"D:\\Programming\\oreooks\\bot_service\\src\\schedule\\schedule.service.ts": {"path":"D:\\Programming\\oreooks\\bot_service\\src\\schedule\\schedule.service.ts","statementMap":{"0":{"start":{"line":1,"column":0},"end":{"line":1,"column":56}},"1":{"start":{"line":2,"column":0},"end":{"line":2,"column":47}},"2":{"start":{"line":3,"column":0},"end":{"line":3,"column":77}},"3":{"start":{"line":7,"column":2},"end":{"line":7,"column":26}},"4":{"start":{"line":11,"column":24},"end":{"line":11,"column":56}},"5":{"start":{"line":12,"column":14},"end":{"line":15,"column":4}},"6":{"start":{"line":17,"column":2},"end":{"line":17,"column":69}},"7":{"start":{"line":21,"column":0},"end":{"line":21,"column":37}}},"fnMap":{"0":{"name":"(anonymous_1)","decl":{"start":{"line":6,"column":1},"end":{"line":6,"column":null}},"loc":{"start":{"line":6,"column":1},"end":{"line":8,"column":2}}},"1":{"name":"(anonymous_2)","decl":{"start":{"line":10,"column":1},"end":{"line":10,"column":6}},"loc":{"start":{"line":10,"column":43},"end":{"line":18,"column":2}}}},"branchMap":{},"s":{"0":1,"1":1,"2":1,"3":1,"4":6,"5":6,"6":5,"7":1},"f":{"0":1,"1":6},"b":{}}
,"D:\\Programming\\oreooks\\bot_service\\src\\session\\session.ts": {"path":"D:\\Programming\\oreooks\\bot_service\\src\\session\\session.ts","statementMap":{"0":{"start":{"line":3,"column":0},"end":{"line":3,"column":43}},"1":{"start":{"line":8,"column":2},"end":{"line":8,"column":23}},"2":{"start":{"line":9,"column":2},"end":{"line":9,"column":17}},"3":{"start":{"line":15,"column":15},"end":{"line":15,"column":48}},"4":{"start":{"line":17,"column":2},"end":{"line":17,"column":25}},"5":{"start":{"line":17,"column":13},"end":{"line":17,"column":25}},"6":{"start":{"line":19,"column":2},"end":{"line":23,"column":3}},"7":{"start":{"line":20,"column":3},"end":{"line":20,"column":27}},"8":{"start":{"line":22,"column":3},"end":{"line":22,"column":15}},"9":{"start":{"line":26,"column":2},"end":{"line":26,"column":74}},"10":{"start":{"line":30,"column":18},"end":{"line":30,"column":37}},"11":{"start":{"line":32,"column":15},"end":{"line":32,"column":38}},"12":{"start":{"line":34,"column":24},"end":{"line":37,"column":4}},"13":{"start":{"line":39,"column":2},"end":{"line":39,"column":31}},"14":{"start":{"line":43,"column":2},"end":{"line":43,"column":36}},"15":{"start":{"line":47,"column":2},"end":{"line":47,"column":33}},"16":{"start":{"line":6,"column":0},"end":{"line":6,"column":21}},"17":{"start":{"line":51,"column":13},"end":{"line":51,"column":62}},"18":{"start":{"line":52,"column":13},"end":{"line":52,"column":68}},"19":{"start":{"line":53,"column":13},"end":{"line":53,"column":68}},"20":{"start":{"line":54,"column":13},"end":{"line":54,"column":70}}},"fnMap":{"0":{"name":"(anonymous_1)","decl":{"start":{"line":7,"column":1},"end":{"line":7,"column":13}},"loc":{"start":{"line":7,"column":48},"end":{"line":10,"column":2}}},"1":{"name":"(anonymous_2)","decl":{"start":{"line":14,"column":1},"end":{"line":14,"column":6}},"loc":{"start":{"line":14,"column":22},"end":{"line":24,"column":2}}},"2":{"name":"(anonymous_3)","decl":{"start":{"line":25,"column":1},"end":{"line":25,"column":6}},"loc":{"start":{"line":25,"column":34},"end":{"line":27,"column":2}}},"3":{"name":"(anonymous_4)","decl":{"start":{"line":29,"column":1},"end":{"line":29,"column":6}},"loc":{"start":{"line":29,"column":49},"end":{"line":40,"column":2}}},"4":{"name":"(anonymous_5)","decl":{"start":{"line":42,"column":1},"end":{"line":42,"column":6}},"loc":{"start":{"line":42,"column":24},"end":{"line":44,"column":2}}},"5":{"name":"(anonymous_6)","decl":{"start":{"line":46,"column":1},"end":{"line":46,"column":7}},"loc":{"start":{"line":46,"column":19},"end":{"line":48,"column":2}}}},"branchMap":{"0":{"loc":{"start":{"line":7,"column":29},"end":{"line":7,"column":48}},"type":"default-arg","locations":[{"start":{"line":7,"column":43},"end":{"line":7,"column":48}}]},"1":{"loc":{"start":{"line":17,"column":2},"end":{"line":17,"column":25}},"type":"if","locations":[{"start":{"line":17,"column":2},"end":{"line":17,"column":25}},{"start":{},"end":{}}]},"2":{"loc":{"start":{"line":32,"column":15},"end":{"line":32,"column":38}},"type":"binary-expr","locations":[{"start":{"line":32,"column":15},"end":{"line":32,"column":22}},{"start":{"line":32,"column":27},"end":{"line":32,"column":38}}]}},"s":{"0":0,"1":0,"2":0,"3":0,"4":0,"5":0,"6":0,"7":0,"8":0,"9":0,"10":0,"11":0,"12":0,"13":0,"14":0,"15":0,"16":0,"17":0,"18":0,"19":0,"20":0},"f":{"0":0,"1":0,"2":0,"3":0,"4":0,"5":0},"b":{"0":[0],"1":[0,0],"2":[0,0]}}
,"D:\\Programming\\oreooks\\bot_service\\src\\tasks\\tasks.handler.ts": {"path":"D:\\Programming\\oreooks\\bot_service\\src\\tasks\\tasks.handler.ts","statementMap":{"0":{"start":{"line":2,"column":0},"end":{"line":2,"column":51}},"1":{"start":{"line":3,"column":0},"end":{"line":3,"column":48}},"2":{"start":{"line":4,"column":0},"end":{"line":4,"column":47}},"3":{"start":{"line":5,"column":0},"end":{"line":5,"column":81}},"4":{"start":{"line":6,"column":0},"end":{"line":6,"column":43}},"5":{"start":{"line":8,"column":0},"end":{"line":8,"column":53}},"6":{"start":{"line":9,"column":0},"end":{"line":9,"column":38}},"7":{"start":{"line":13,"column":16},"end":{"line":144,"column":3}},"8":{"start":{"line":15,"column":16},"end":{"line":15,"column":28}},"9":{"start":{"line":16,"column":16},"end":{"line":16,"column":35}},"10":{"start":{"line":18,"column":18},"end":{"line":18,"column":52}},"11":{"start":{"line":19,"column":3},"end":{"line":22,"column":4}},"12":{"start":{"line":20,"column":4},"end":{"line":20,"column":82}},"13":{"start":{"line":21,"column":4},"end":{"line":21,"column":11}},"14":{"start":{"line":24,"column":3},"end":{"line":26,"column":6}},"15":{"start":{"line":28,"column":3},"end":{"line":30,"column":6}},"16":{"start":{"line":32,"column":3},"end":{"line":32,"column":35}},"17":{"start":{"line":33,"column":3},"end":{"line":33,"column":10}},"18":{"start":{"line":37,"column":16},"end":{"line":37,"column":28}},"19":{"start":{"line":38,"column":16},"end":{"line":38,"column":35}},"20":{"start":{"line":40,"column":18},"end":{"line":40,"column":58}},"21":{"start":{"line":41,"column":3},"end":{"line":44,"column":4}},"22":{"start":{"line":42,"column":4},"end":{"line":42,"column":87}},"23":{"start":{"line":43,"column":4},"end":{"line":43,"column":11}},"24":{"start":{"line":46,"column":3},"end":{"line":48,"column":6}},"25":{"start":{"line":50,"column":3},"end":{"line":52,"column":6}},"26":{"start":{"line":54,"column":3},"end":{"line":54,"column":31}},"27":{"start":{"line":55,"column":3},"end":{"line":55,"column":10}},"28":{"start":{"line":59,"column":16},"end":{"line":59,"column":28}},"29":{"start":{"line":60,"column":16},"end":{"line":60,"column":35}},"30":{"start":{"line":62,"column":18},"end":{"line":62,"column":55}},"31":{"start":{"line":63,"column":3},"end":{"line":66,"column":4}},"32":{"start":{"line":64,"column":4},"end":{"line":64,"column":78}},"33":{"start":{"line":65,"column":4},"end":{"line":65,"column":11}},"34":{"start":{"line":68,"column":3},"end":{"line":70,"column":6}},"35":{"start":{"line":72,"column":16},"end":{"line":72,"column":43}},"36":{"start":{"line":74,"column":3},"end":{"line":77,"column":4}},"37":{"start":{"line":75,"column":4},"end":{"line":75,"column":26}},"38":{"start":{"line":76,"column":4},"end":{"line":76,"column":11}},"39":{"start":{"line":79,"column":3},"end":{"line":81,"column":4}},"40":{"start":{"line":80,"column":4},"end":{"line":80,"column":44}},"41":{"start":{"line":83,"column":3},"end":{"line":89,"column":4}},"42":{"start":{"line":84,"column":4},"end":{"line":84,"column":46}},"43":{"start":{"line":85,"column":4},"end":{"line":85,"column":42}},"44":{"start":{"line":87,"column":4},"end":{"line":87,"column":46}},"45":{"start":{"line":88,"column":4},"end":{"line":88,"column":40}},"46":{"start":{"line":91,"column":3},"end":{"line":91,"column":33}},"47":{"start":{"line":93,"column":3},"end":{"line":96,"column":6}},"48":{"start":{"line":98,"column":3},"end":{"line":98,"column":21}},"49":{"start":{"line":99,"column":3},"end":{"line":99,"column":10}},"50":{"start":{"line":103,"column":16},"end":{"line":103,"column":28}},"51":{"start":{"line":104,"column":17},"end":{"line":104,"column":50}},"52":{"start":{"line":105,"column":3},"end":{"line":108,"column":4}},"53":{"start":{"line":106,"column":4},"end":{"line":106,"column":27}},"54":{"start":{"line":107,"column":4},"end":{"line":107,"column":11}},"55":{"start":{"line":110,"column":16},"end":{"line":110,"column":43}},"56":{"start":{"line":111,"column":3},"end":{"line":114,"column":4}},"57":{"start":{"line":112,"column":4},"end":{"line":112,"column":36}},"58":{"start":{"line":113,"column":4},"end":{"line":113,"column":11}},"59":{"start":{"line":116,"column":3},"end":{"line":118,"column":4}},"60":{"start":{"line":117,"column":4},"end":{"line":117,"column":44}},"61":{"start":{"line":120,"column":20},"end":{"line":120,"column":66}},"62":{"start":{"line":121,"column":23},"end":{"line":124,"column":5}},"63":{"start":{"line":126,"column":18},"end":{"line":126,"column":66}},"64":{"start":{"line":127,"column":3},"end":{"line":134,"column":4}},"65":{"start":{"line":128,"column":4},"end":{"line":130,"column":7}},"66":{"start":{"line":132,"column":4},"end":{"line":132,"column":67}},"67":{"start":{"line":133,"column":4},"end":{"line":133,"column":11}},"68":{"start":{"line":136,"column":3},"end":{"line":136,"column":26}},"69":{"start":{"line":137,"column":3},"end":{"line":137,"column":10}},"70":{"start":{"line":141,"column":3},"end":{"line":141,"column":26}},"71":{"start":{"line":142,"column":3},"end":{"line":142,"column":10}},"72":{"start":{"line":146,"column":74},"end":{"line":329,"column":3}},"73":{"start":{"line":148,"column":16},"end":{"line":148,"column":28}},"74":{"start":{"line":149,"column":3},"end":{"line":152,"column":6}},"75":{"start":{"line":153,"column":3},"end":{"line":192,"column":4}},"76":{"start":{"line":154,"column":19},"end":{"line":154,"column":52}},"77":{"start":{"line":156,"column":4},"end":{"line":159,"column":5}},"78":{"start":{"line":157,"column":5},"end":{"line":157,"column":60}},"79":{"start":{"line":158,"column":5},"end":{"line":158,"column":12}},"80":{"start":{"line":161,"column":18},"end":{"line":161,"column":30}},"81":{"start":{"line":163,"column":4},"end":{"line":166,"column":5}},"82":{"start":{"line":164,"column":5},"end":{"line":164,"column":34}},"83":{"start":{"line":165,"column":5},"end":{"line":165,"column":12}},"84":{"start":{"line":168,"column":4},"end":{"line":172,"column":7}},"85":{"start":{"line":169,"column":35},"end":{"line":169,"column":43}},"86":{"start":{"line":174,"column":4},"end":{"line":176,"column":5}},"87":{"start":{"line":175,"column":5},"end":{"line":175,"column":12}},"88":{"start":{"line":178,"column":56},"end":{"line":178,"column":64}},"89":{"start":{"line":180,"column":4},"end":{"line":186,"column":7}},"90":{"start":{"line":188,"column":4},"end":{"line":188,"column":33}},"91":{"start":{"line":190,"column":4},"end":{"line":190,"column":50}},"92":{"start":{"line":191,"column":4},"end":{"line":191,"column":55}},"93":{"start":{"line":193,"column":3},"end":{"line":193,"column":10}},"94":{"start":{"line":197,"column":16},"end":{"line":197,"column":28}},"95":{"start":{"line":199,"column":3},"end":{"line":199,"column":35}},"96":{"start":{"line":201,"column":3},"end":{"line":203,"column":6}},"97":{"start":{"line":205,"column":3},"end":{"line":205,"column":43}},"98":{"start":{"line":206,"column":3},"end":{"line":206,"column":10}},"99":{"start":{"line":210,"column":16},"end":{"line":210,"column":28}},"100":{"start":{"line":212,"column":3},"end":{"line":214,"column":6}},"101":{"start":{"line":216,"column":3},"end":{"line":216,"column":43}},"102":{"start":{"line":217,"column":3},"end":{"line":217,"column":10}},"103":{"start":{"line":221,"column":16},"end":{"line":221,"column":28}},"104":{"start":{"line":222,"column":17},"end":{"line":222,"column":50}},"105":{"start":{"line":223,"column":18},"end":{"line":223,"column":72}},"106":{"start":{"line":224,"column":3},"end":{"line":322,"column":4}},"107":{"start":{"line":225,"column":4},"end":{"line":225,"column":34}},"108":{"start":{"line":227,"column":4},"end":{"line":234,"column":5}},"109":{"start":{"line":228,"column":5},"end":{"line":231,"column":8}},"110":{"start":{"line":232,"column":5},"end":{"line":232,"column":23}},"111":{"start":{"line":233,"column":5},"end":{"line":233,"column":12}},"112":{"start":{"line":236,"column":24},"end":{"line":236,"column":77}},"113":{"start":{"line":236,"column":54},"end":{"line":236,"column":76}},"114":{"start":{"line":238,"column":4},"end":{"line":247,"column":5}},"115":{"start":{"line":239,"column":5},"end":{"line":239,"column":41}},"116":{"start":{"line":240,"column":5},"end":{"line":243,"column":8}},"117":{"start":{"line":244,"column":5},"end":{"line":244,"column":60}},"118":{"start":{"line":245,"column":5},"end":{"line":245,"column":23}},"119":{"start":{"line":246,"column":5},"end":{"line":246,"column":12}},"120":{"start":{"line":249,"column":21},"end":{"line":249,"column":79}},"121":{"start":{"line":250,"column":25},"end":{"line":250,"column":46}},"122":{"start":{"line":252,"column":4},"end":{"line":313,"column":5}},"123":{"start":{"line":253,"column":5},"end":{"line":253,"column":66}},"124":{"start":{"line":254,"column":24},"end":{"line":254,"column":38}},"125":{"start":{"line":255,"column":5},"end":{"line":264,"column":6}},"126":{"start":{"line":256,"column":6},"end":{"line":256,"column":42}},"127":{"start":{"line":257,"column":6},"end":{"line":260,"column":9}},"128":{"start":{"line":261,"column":6},"end":{"line":261,"column":61}},"129":{"start":{"line":262,"column":6},"end":{"line":262,"column":24}},"130":{"start":{"line":263,"column":6},"end":{"line":263,"column":13}},"131":{"start":{"line":265,"column":5},"end":{"line":269,"column":8}},"132":{"start":{"line":271,"column":24},"end":{"line":271,"column":68}},"133":{"start":{"line":272,"column":5},"end":{"line":285,"column":6}},"134":{"start":{"line":273,"column":34},"end":{"line":278,"column":8}},"135":{"start":{"line":280,"column":6},"end":{"line":282,"column":7}},"136":{"start":{"line":281,"column":7},"end":{"line":281,"column":62}},"137":{"start":{"line":284,"column":6},"end":{"line":284,"column":44}},"138":{"start":{"line":287,"column":5},"end":{"line":291,"column":8}},"139":{"start":{"line":293,"column":24},"end":{"line":293,"column":70}},"140":{"start":{"line":294,"column":5},"end":{"line":312,"column":6}},"141":{"start":{"line":295,"column":34},"end":{"line":300,"column":8}},"142":{"start":{"line":302,"column":6},"end":{"line":304,"column":7}},"143":{"start":{"line":303,"column":7},"end":{"line":303,"column":62}},"144":{"start":{"line":306,"column":6},"end":{"line":306,"column":44}},"145":{"start":{"line":308,"column":6},"end":{"line":311,"column":8}},"146":{"start":{"line":315,"column":4},"end":{"line":318,"column":7}},"147":{"start":{"line":320,"column":4},"end":{"line":320,"column":33}},"148":{"start":{"line":321,"column":4},"end":{"line":321,"column":11}},"149":{"start":{"line":326,"column":3},"end":{"line":326,"column":30}},"150":{"start":{"line":327,"column":3},"end":{"line":327,"column":10}},"151":{"start":{"line":331,"column":22},"end":{"line":430,"column":3}},"152":{"start":{"line":333,"column":16},"end":{"line":333,"column":28}},"153":{"start":{"line":334,"column":3},"end":{"line":334,"column":67}},"154":{"start":{"line":336,"column":3},"end":{"line":336,"column":33}},"155":{"start":{"line":337,"column":3},"end":{"line":337,"column":39}},"156":{"start":{"line":339,"column":3},"end":{"line":342,"column":6}},"157":{"start":{"line":343,"column":3},"end":{"line":343,"column":84}},"158":{"start":{"line":345,"column":3},"end":{"line":345,"column":21}},"159":{"start":{"line":346,"column":3},"end":{"line":346,"column":10}},"160":{"start":{"line":350,"column":16},"end":{"line":350,"column":28}},"161":{"start":{"line":351,"column":17},"end":{"line":351,"column":50}},"162":{"start":{"line":353,"column":3},"end":{"line":355,"column":4}},"163":{"start":{"line":354,"column":4},"end":{"line":354,"column":11}},"164":{"start":{"line":357,"column":3},"end":{"line":359,"column":4}},"165":{"start":{"line":358,"column":4},"end":{"line":358,"column":11}},"166":{"start":{"line":361,"column":20},"end":{"line":361,"column":42}},"167":{"start":{"line":362,"column":24},"end":{"line":362,"column":53}},"168":{"start":{"line":364,"column":18},"end":{"line":364,"column":64}},"169":{"start":{"line":365,"column":3},"end":{"line":387,"column":4}},"170":{"start":{"line":366,"column":32},"end":{"line":371,"column":6}},"171":{"start":{"line":373,"column":4},"end":{"line":375,"column":5}},"172":{"start":{"line":374,"column":5},"end":{"line":374,"column":56}},"173":{"start":{"line":377,"column":4},"end":{"line":377,"column":42}},"174":{"start":{"line":379,"column":4},"end":{"line":382,"column":7}},"175":{"start":{"line":384,"column":4},"end":{"line":384,"column":33}},"176":{"start":{"line":386,"column":4},"end":{"line":386,"column":78}},"177":{"start":{"line":391,"column":16},"end":{"line":391,"column":28}},"178":{"start":{"line":392,"column":17},"end":{"line":392,"column":50}},"179":{"start":{"line":394,"column":3},"end":{"line":396,"column":4}},"180":{"start":{"line":395,"column":4},"end":{"line":395,"column":11}},"181":{"start":{"line":398,"column":3},"end":{"line":400,"column":4}},"182":{"start":{"line":399,"column":4},"end":{"line":399,"column":11}},"183":{"start":{"line":402,"column":20},"end":{"line":402,"column":42}},"184":{"start":{"line":403,"column":24},"end":{"line":403,"column":53}},"185":{"start":{"line":405,"column":18},"end":{"line":405,"column":64}},"186":{"start":{"line":406,"column":3},"end":{"line":428,"column":4}},"187":{"start":{"line":407,"column":32},"end":{"line":412,"column":6}},"188":{"start":{"line":414,"column":4},"end":{"line":416,"column":5}},"189":{"start":{"line":415,"column":5},"end":{"line":415,"column":56}},"190":{"start":{"line":418,"column":4},"end":{"line":418,"column":42}},"191":{"start":{"line":420,"column":4},"end":{"line":423,"column":7}},"192":{"start":{"line":425,"column":4},"end":{"line":425,"column":33}},"193":{"start":{"line":427,"column":4},"end":{"line":427,"column":78}},"194":{"start":{"line":433,"column":15},"end":{"line":433,"column":27}},"195":{"start":{"line":435,"column":2},"end":{"line":453,"column":3}},"196":{"start":{"line":436,"column":16},"end":{"line":436,"column":38}},"197":{"start":{"line":438,"column":3},"end":{"line":438,"column":81}},"198":{"start":{"line":440,"column":3},"end":{"line":440,"column":45}},"199":{"start":{"line":442,"column":3},"end":{"line":445,"column":4}},"200":{"start":{"line":443,"column":4},"end":{"line":443,"column":56}},"201":{"start":{"line":444,"column":4},"end":{"line":444,"column":49}},"202":{"start":{"line":447,"column":3},"end":{"line":450,"column":4}},"203":{"start":{"line":448,"column":4},"end":{"line":448,"column":60}},"204":{"start":{"line":449,"column":4},"end":{"line":449,"column":51}},"205":{"start":{"line":452,"column":3},"end":{"line":452,"column":64}},"206":{"start":{"line":455,"column":18},"end":{"line":455,"column":45}},"207":{"start":{"line":456,"column":15},"end":{"line":456,"column":56}},"208":{"start":{"line":457,"column":16},"end":{"line":457,"column":30}},"209":{"start":{"line":459,"column":2},"end":{"line":459,"column":82}},"210":{"start":{"line":461,"column":2},"end":{"line":464,"column":3}},"211":{"start":{"line":462,"column":3},"end":{"line":462,"column":62}},"212":{"start":{"line":463,"column":3},"end":{"line":463,"column":31}},"213":{"start":{"line":466,"column":2},"end":{"line":466,"column":48}},"214":{"start":{"line":12,"column":0},"end":{"line":12,"column":13}}},"fnMap":{"0":{"name":"(anonymous_1)","decl":{"start":{"line":14,"column":9},"end":{"line":14,"column":14}},"loc":{"start":{"line":14,"column":35},"end":{"line":34,"column":3}}},"1":{"name":"(anonymous_2)","decl":{"start":{"line":36,"column":15},"end":{"line":36,"column":20}},"loc":{"start":{"line":36,"column":41},"end":{"line":56,"column":3}}},"2":{"name":"(anonymous_3)","decl":{"start":{"line":58,"column":12},"end":{"line":58,"column":17}},"loc":{"start":{"line":58,"column":38},"end":{"line":100,"column":3}}},"3":{"name":"(anonymous_4)","decl":{"start":{"line":102,"column":15},"end":{"line":102,"column":20}},"loc":{"start":{"line":102,"column":41},"end":{"line":138,"column":3}}},"4":{"name":"(anonymous_5)","decl":{"start":{"line":140,"column":8},"end":{"line":140,"column":13}},"loc":{"start":{"line":140,"column":34},"end":{"line":143,"column":3}}},"5":{"name":"(anonymous_6)","decl":{"start":{"line":147,"column":8},"end":{"line":147,"column":13}},"loc":{"start":{"line":147,"column":34},"end":{"line":194,"column":3}}},"6":{"name":"(anonymous_7)","decl":{"start":{"line":169,"column":25},"end":{"line":169,"column":26}},"loc":{"start":{"line":169,"column":35},"end":{"line":169,"column":43}}},"7":{"name":"(anonymous_8)","decl":{"start":{"line":196,"column":14},"end":{"line":196,"column":19}},"loc":{"start":{"line":196,"column":40},"end":{"line":207,"column":3}}},"8":{"name":"(anonymous_9)","decl":{"start":{"line":209,"column":12},"end":{"line":209,"column":17}},"loc":{"start":{"line":209,"column":38},"end":{"line":218,"column":3}}},"9":{"name":"(anonymous_10)","decl":{"start":{"line":220,"column":14},"end":{"line":220,"column":19}},"loc":{"start":{"line":220,"column":40},"end":{"line":323,"column":3}}},"10":{"name":"(anonymous_11)","decl":{"start":{"line":236,"column":46},"end":{"line":236,"column":47}},"loc":{"start":{"line":236,"column":54},"end":{"line":236,"column":76}}},"11":{"name":"(anonymous_12)","decl":{"start":{"line":325,"column":15},"end":{"line":325,"column":20}},"loc":{"start":{"line":325,"column":41},"end":{"line":328,"column":3}}},"12":{"name":"(anonymous_13)","decl":{"start":{"line":332,"column":12},"end":{"line":332,"column":17}},"loc":{"start":{"line":332,"column":38},"end":{"line":347,"column":3}}},"13":{"name":"(anonymous_14)","decl":{"start":{"line":349,"column":12},"end":{"line":349,"column":17}},"loc":{"start":{"line":349,"column":38},"end":{"line":388,"column":3}}},"14":{"name":"(anonymous_15)","decl":{"start":{"line":390,"column":12},"end":{"line":390,"column":17}},"loc":{"start":{"line":390,"column":38},"end":{"line":429,"column":3}}},"15":{"name":"(anonymous_16)","decl":{"start":{"line":432,"column":10},"end":{"line":432,"column":15}},"loc":{"start":{"line":432,"column":38},"end":{"line":467,"column":2}}},"16":{"name":"(anonymous_17)","decl":{"start":{"line":440,"column":35},"end":{"line":440,"column":38}},"loc":{"start":{"line":440,"column":40},"end":{"line":440,"column":43}}}},"branchMap":{"0":{"loc":{"start":{"line":19,"column":3},"end":{"line":22,"column":4}},"type":"if","locations":[{"start":{"line":19,"column":3},"end":{"line":22,"column":4}},{"start":{},"end":{}}]},"1":{"loc":{"start":{"line":20,"column":14},"end":{"line":20,"column":80}},"type":"binary-expr","locations":[{"start":{"line":20,"column":14},"end":{"line":20,"column":45}},{"start":{"line":20,"column":49},"end":{"line":20,"column":80}}]},"2":{"loc":{"start":{"line":41,"column":3},"end":{"line":44,"column":4}},"type":"if","locations":[{"start":{"line":41,"column":3},"end":{"line":44,"column":4}},{"start":{},"end":{}}]},"3":{"loc":{"start":{"line":42,"column":14},"end":{"line":42,"column":85}},"type":"binary-expr","locations":[{"start":{"line":42,"column":14},"end":{"line":42,"column":45}},{"start":{"line":42,"column":49},"end":{"line":42,"column":85}}]},"4":{"loc":{"start":{"line":63,"column":3},"end":{"line":66,"column":4}},"type":"if","locations":[{"start":{"line":63,"column":3},"end":{"line":66,"column":4}},{"start":{},"end":{}}]},"5":{"loc":{"start":{"line":64,"column":14},"end":{"line":64,"column":76}},"type":"binary-expr","locations":[{"start":{"line":64,"column":14},"end":{"line":64,"column":45}},{"start":{"line":64,"column":49},"end":{"line":64,"column":76}}]},"6":{"loc":{"start":{"line":74,"column":3},"end":{"line":77,"column":4}},"type":"if","locations":[{"start":{"line":74,"column":3},"end":{"line":77,"column":4}},{"start":{},"end":{}}]},"7":{"loc":{"start":{"line":79,"column":3},"end":{"line":81,"column":4}},"type":"if","locations":[{"start":{"line":79,"column":3},"end":{"line":81,"column":4}},{"start":{},"end":{}}]},"8":{"loc":{"start":{"line":79,"column":7},"end":{"line":79,"column":57}},"type":"binary-expr","locations":[{"start":{"line":79,"column":7},"end":{"line":79,"column":20}},{"start":{"line":79,"column":24},"end":{"line":79,"column":57}}]},"9":{"loc":{"start":{"line":83,"column":3},"end":{"line":89,"column":4}},"type":"if","locations":[{"start":{"line":83,"column":3},"end":{"line":89,"column":4}},{"start":{"line":86,"column":10},"end":{"line":89,"column":4}}]},"10":{"loc":{"start":{"line":105,"column":3},"end":{"line":108,"column":4}},"type":"if","locations":[{"start":{"line":105,"column":3},"end":{"line":108,"column":4}},{"start":{},"end":{}}]},"11":{"loc":{"start":{"line":111,"column":3},"end":{"line":114,"column":4}},"type":"if","locations":[{"start":{"line":111,"column":3},"end":{"line":114,"column":4}},{"start":{},"end":{}}]},"12":{"loc":{"start":{"line":116,"column":3},"end":{"line":118,"column":4}},"type":"if","locations":[{"start":{"line":116,"column":3},"end":{"line":118,"column":4}},{"start":{},"end":{}}]},"13":{"loc":{"start":{"line":116,"column":7},"end":{"line":116,"column":57}},"type":"binary-expr","locations":[{"start":{"line":116,"column":7},"end":{"line":116,"column":20}},{"start":{"line":116,"column":24},"end":{"line":116,"column":57}}]},"14":{"loc":{"start":{"line":120,"column":20},"end":{"line":120,"column":66}},"type":"cond-expr","locations":[{"start":{"line":120,"column":45},"end":{"line":120,"column":56}},{"start":{"line":120,"column":59},"end":{"line":120,"column":66}}]},"15":{"loc":{"start":{"line":127,"column":3},"end":{"line":134,"column":4}},"type":"if","locations":[{"start":{"line":127,"column":3},"end":{"line":134,"column":4}},{"start":{"line":131,"column":10},"end":{"line":134,"column":4}}]},"16":{"loc":{"start":{"line":127,"column":7},"end":{"line":127,"column":36}},"type":"binary-expr","locations":[{"start":{"line":127,"column":7},"end":{"line":127,"column":21}},{"start":{"line":127,"column":25},"end":{"line":127,"column":36}}]},"17":{"loc":{"start":{"line":132,"column":20},"end":{"line":132,"column":65}},"type":"binary-expr","locations":[{"start":{"line":132,"column":20},"end":{"line":132,"column":33}},{"start":{"line":132,"column":37},"end":{"line":132,"column":65}}]},"18":{"loc":{"start":{"line":156,"column":4},"end":{"line":159,"column":5}},"type":"if","locations":[{"start":{"line":156,"column":4},"end":{"line":159,"column":5}},{"start":{},"end":{}}]},"19":{"loc":{"start":{"line":157,"column":21},"end":{"line":157,"column":58}},"type":"binary-expr","locations":[{"start":{"line":157,"column":21},"end":{"line":157,"column":34}},{"start":{"line":157,"column":38},"end":{"line":157,"column":58}}]},"20":{"loc":{"start":{"line":163,"column":4},"end":{"line":166,"column":5}},"type":"if","locations":[{"start":{"line":163,"column":4},"end":{"line":166,"column":5}},{"start":{},"end":{}}]},"21":{"loc":{"start":{"line":163,"column":8},"end":{"line":163,"column":31}},"type":"binary-expr","locations":[{"start":{"line":163,"column":8},"end":{"line":163,"column":14}},{"start":{"line":163,"column":18},"end":{"line":163,"column":31}}]},"22":{"loc":{"start":{"line":174,"column":4},"end":{"line":176,"column":5}},"type":"if","locations":[{"start":{"line":174,"column":4},"end":{"line":176,"column":5}},{"start":{},"end":{}}]},"23":{"loc":{"start":{"line":185,"column":13},"end":{"line":185,"column":29}},"type":"binary-expr","locations":[{"start":{"line":185,"column":13},"end":{"line":185,"column":18}},{"start":{"line":185,"column":22},"end":{"line":185,"column":29}}]},"24":{"loc":{"start":{"line":224,"column":3},"end":{"line":322,"column":4}},"type":"if","locations":[{"start":{"line":224,"column":3},"end":{"line":322,"column":4}},{"start":{},"end":{}}]},"25":{"loc":{"start":{"line":227,"column":4},"end":{"line":234,"column":5}},"type":"if","locations":[{"start":{"line":227,"column":4},"end":{"line":234,"column":5}},{"start":{},"end":{}}]},"26":{"loc":{"start":{"line":238,"column":4},"end":{"line":247,"column":5}},"type":"if","locations":[{"start":{"line":238,"column":4},"end":{"line":247,"column":5}},{"start":{},"end":{}}]},"27":{"loc":{"start":{"line":249,"column":21},"end":{"line":249,"column":79}},"type":"cond-expr","locations":[{"start":{"line":249,"column":53},"end":{"line":249,"column":54}},{"start":{"line":249,"column":57},"end":{"line":249,"column":79}}]},"28":{"loc":{"start":{"line":252,"column":4},"end":{"line":313,"column":5}},"type":"if","locations":[{"start":{"line":252,"column":4},"end":{"line":313,"column":5}},{"start":{"line":286,"column":11},"end":{"line":313,"column":5}}]},"29":{"loc":{"start":{"line":255,"column":5},"end":{"line":264,"column":6}},"type":"if","locations":[{"start":{"line":255,"column":5},"end":{"line":264,"column":6}},{"start":{},"end":{}}]},"30":{"loc":{"start":{"line":272,"column":5},"end":{"line":285,"column":6}},"type":"if","locations":[{"start":{"line":272,"column":5},"end":{"line":285,"column":6}},{"start":{},"end":{}}]},"31":{"loc":{"start":{"line":272,"column":9},"end":{"line":272,"column":46}},"type":"binary-expr","locations":[{"start":{"line":272,"column":9},"end":{"line":272,"column":27}},{"start":{"line":272,"column":31},"end":{"line":272,"column":46}}]},"32":{"loc":{"start":{"line":280,"column":6},"end":{"line":282,"column":7}},"type":"if","locations":[{"start":{"line":280,"column":6},"end":{"line":282,"column":7}},{"start":{},"end":{}}]},"33":{"loc":{"start":{"line":294,"column":5},"end":{"line":312,"column":6}},"type":"if","locations":[{"start":{"line":294,"column":5},"end":{"line":312,"column":6}},{"start":{"line":307,"column":12},"end":{"line":312,"column":6}}]},"34":{"loc":{"start":{"line":294,"column":9},"end":{"line":294,"column":46}},"type":"binary-expr","locations":[{"start":{"line":294,"column":9},"end":{"line":294,"column":27}},{"start":{"line":294,"column":31},"end":{"line":294,"column":46}}]},"35":{"loc":{"start":{"line":302,"column":6},"end":{"line":304,"column":7}},"type":"if","locations":[{"start":{"line":302,"column":6},"end":{"line":304,"column":7}},{"start":{},"end":{}}]},"36":{"loc":{"start":{"line":353,"column":3},"end":{"line":355,"column":4}},"type":"if","locations":[{"start":{"line":353,"column":3},"end":{"line":355,"column":4}},{"start":{},"end":{}}]},"37":{"loc":{"start":{"line":357,"column":3},"end":{"line":359,"column":4}},"type":"if","locations":[{"start":{"line":357,"column":3},"end":{"line":359,"column":4}},{"start":{},"end":{}}]},"38":{"loc":{"start":{"line":362,"column":24},"end":{"line":362,"column":53}},"type":"binary-expr","locations":[{"start":{"line":362,"column":24},"end":{"line":362,"column":48}},{"start":{"line":362,"column":52},"end":{"line":362,"column":53}}]},"39":{"loc":{"start":{"line":365,"column":3},"end":{"line":387,"column":4}},"type":"if","locations":[{"start":{"line":365,"column":3},"end":{"line":387,"column":4}},{"start":{"line":385,"column":10},"end":{"line":387,"column":4}}]},"40":{"loc":{"start":{"line":365,"column":7},"end":{"line":365,"column":36}},"type":"binary-expr","locations":[{"start":{"line":365,"column":7},"end":{"line":365,"column":21}},{"start":{"line":365,"column":25},"end":{"line":365,"column":36}}]},"41":{"loc":{"start":{"line":373,"column":4},"end":{"line":375,"column":5}},"type":"if","locations":[{"start":{"line":373,"column":4},"end":{"line":375,"column":5}},{"start":{},"end":{}}]},"42":{"loc":{"start":{"line":394,"column":3},"end":{"line":396,"column":4}},"type":"if","locations":[{"start":{"line":394,"column":3},"end":{"line":396,"column":4}},{"start":{},"end":{}}]},"43":{"loc":{"start":{"line":398,"column":3},"end":{"line":400,"column":4}},"type":"if","locations":[{"start":{"line":398,"column":3},"end":{"line":400,"column":4}},{"start":{},"end":{}}]},"44":{"loc":{"start":{"line":403,"column":24},"end":{"line":403,"column":53}},"type":"binary-expr","locations":[{"start":{"line":403,"column":24},"end":{"line":403,"column":48}},{"start":{"line":403,"column":52},"end":{"line":403,"column":53}}]},"45":{"loc":{"start":{"line":406,"column":3},"end":{"line":428,"column":4}},"type":"if","locations":[{"start":{"line":406,"column":3},"end":{"line":428,"column":4}},{"start":{"line":426,"column":10},"end":{"line":428,"column":4}}]},"46":{"loc":{"start":{"line":406,"column":7},"end":{"line":406,"column":36}},"type":"binary-expr","locations":[{"start":{"line":406,"column":7},"end":{"line":406,"column":21}},{"start":{"line":406,"column":25},"end":{"line":406,"column":36}}]},"47":{"loc":{"start":{"line":414,"column":4},"end":{"line":416,"column":5}},"type":"if","locations":[{"start":{"line":414,"column":4},"end":{"line":416,"column":5}},{"start":{},"end":{}}]},"48":{"loc":{"start":{"line":435,"column":2},"end":{"line":453,"column":3}},"type":"if","locations":[{"start":{"line":435,"column":2},"end":{"line":453,"column":3}},{"start":{},"end":{}}]},"49":{"loc":{"start":{"line":435,"column":6},"end":{"line":435,"column":88}},"type":"binary-expr","locations":[{"start":{"line":435,"column":6},"end":{"line":435,"column":36}},{"start":{"line":435,"column":40},"end":{"line":435,"column":57}},{"start":{"line":435,"column":61},"end":{"line":435,"column":88}}]},"50":{"loc":{"start":{"line":442,"column":3},"end":{"line":445,"column":4}},"type":"if","locations":[{"start":{"line":442,"column":3},"end":{"line":445,"column":4}},{"start":{},"end":{}}]},"51":{"loc":{"start":{"line":447,"column":3},"end":{"line":450,"column":4}},"type":"if","locations":[{"start":{"line":447,"column":3},"end":{"line":450,"column":4}},{"start":{},"end":{}}]},"52":{"loc":{"start":{"line":461,"column":2},"end":{"line":464,"column":3}},"type":"if","locations":[{"start":{"line":461,"column":2},"end":{"line":464,"column":3}},{"start":{},"end":{}}]},"53":{"loc":{"start":{"line":461,"column":6},"end":{"line":461,"column":31}},"type":"binary-expr","locations":[{"start":{"line":461,"column":6},"end":{"line":461,"column":10}},{"start":{"line":461,"column":14},"end":{"line":461,"column":31}}]}},"s":{"0":0,"1":0,"2":0,"3":0,"4":0,"5":0,"6":0,"7":0,"8":0,"9":0,"10":0,"11":0,"12":0,"13":0,"14":0,"15":0,"16":0,"17":0,"18":0,"19":0,"20":0,"21":0,"22":0,"23":0,"24":0,"25":0,"26":0,"27":0,"28":0,"29":0,"30":0,"31":0,"32":0,"33":0,"34":0,"35":0,"36":0,"37":0,"38":0,"39":0,"40":0,"41":0,"42":0,"43":0,"44":0,"45":0,"46":0,"47":0,"48":0,"49":0,"50":0,"51":0,"52":0,"53":0,"54":0,"55":0,"56":0,"57":0,"58":0,"59":0,"60":0,"61":0,"62":0,"63":0,"64":0,"65":0,"66":0,"67":0,"68":0,"69":0,"70":0,"71":0,"72":0,"73":0,"74":0,"75":0,"76":0,"77":0,"78":0,"79":0,"80":0,"81":0,"82":0,"83":0,"84":0,"85":0,"86":0,"87":0,"88":0,"89":0,"90":0,"91":0,"92":0,"93":0,"94":0,"95":0,"96":0,"97":0,"98":0,"99":0,"100":0,"101":0,"102":0,"103":0,"104":0,"105":0,"106":0,"107":0,"108":0,"109":0,"110":0,"111":0,"112":0,"113":0,"114":0,"115":0,"116":0,"117":0,"118":0,"119":0,"120":0,"121":0,"122":0,"123":0,"124":0,"125":0,"126":0,"127":0,"128":0,"129":0,"130":0,"131":0,"132":0,"133":0,"134":0,"135":0,"136":0,"137":0,"138":0,"139":0,"140":0,"141":0,"142":0,"143":0,"144":0,"145":0,"146":0,"147":0,"148":0,"149":0,"150":0,"151":0,"152":0,"153":0,"154":0,"155":0,"156":0,"157":0,"158":0,"159":0,"160":0,"161":0,"162":0,"163":0,"164":0,"165":0,"166":0,"167":0,"168":0,"169":0,"170":0,"171":0,"172":0,"173":0,"174":0,"175":0,"176":0,"177":0,"178":0,"179":0,"180":0,"181":0,"182":0,"183":0,"184":0,"185":0,"186":0,"187":0,"188":0,"189":0,"190":0,"191":0,"192":0,"193":0,"194":0,"195":0,"196":0,"197":0,"198":0,"199":0,"200":0,"201":0,"202":0,"203":0,"204":0,"205":0,"206":0,"207":0,"208":0,"209":0,"210":0,"211":0,"212":0,"213":0,"214":0},"f":{"0":0,"1":0,"2":0,"3":0,"4":0,"5":0,"6":0,"7":0,"8":0,"9":0,"10":0,"11":0,"12":0,"13":0,"14":0,"15":0,"16":0},"b":{"0":[0,0],"1":[0,0],"2":[0,0],"3":[0,0],"4":[0,0],"5":[0,0],"6":[0,0],"7":[0,0],"8":[0,0],"9":[0,0],"10":[0,0],"11":[0,0],"12":[0,0],"13":[0,0],"14":[0,0],"15":[0,0],"16":[0,0],"17":[0,0],"18":[0,0],"19":[0,0],"20":[0,0],"21":[0,0],"22":[0,0],"23":[0,0],"24":[0,0],"25":[0,0],"26":[0,0],"27":[0,0],"28":[0,0],"29":[0,0],"30":[0,0],"31":[0,0],"32":[0,0],"33":[0,0],"34":[0,0],"35":[0,0],"36":[0,0],"37":[0,0],"38":[0,0],"39":[0,0],"40":[0,0],"41":[0,0],"42":[0,0],"43":[0,0],"44":[0,0],"45":[0,0],"46":[0,0],"47":[0,0],"48":[0,0],"49":[0,0,0],"50":[0,0],"51":[0,0],"52":[0,0],"53":[0,0]}}
,"D:\\Programming\\oreooks\\bot_service\\src\\tasks\\tasks.messages.ts": {"path":"D:\\Programming\\oreooks\\bot_service\\src\\tasks\\tasks.messages.ts","statementMap":{"0":{"start":{"line":5,"column":0},"end":{"line":5,"column":7}},"1":{"start":{"line":2,"column":0},"end":{"line":2,"column":34}},"2":{"start":{"line":3,"column":0},"end":{"line":3,"column":68}},"3":{"start":{"line":6,"column":14},"end":{"line":6,"column":26}},"4":{"start":{"line":7,"column":14},"end":{"line":7,"column":41}},"5":{"start":{"line":8,"column":15},"end":{"line":8,"column":48}},"6":{"start":{"line":10,"column":24},"end":{"line":13,"column":3}},"7":{"start":{"line":15,"column":1},"end":{"line":17,"column":2}},"8":{"start":{"line":16,"column":2},"end":{"line":16,"column":65}},"9":{"start":{"line":19,"column":1},"end":{"line":21,"column":2}},"10":{"start":{"line":20,"column":2},"end":{"line":20,"column":51}},"11":{"start":{"line":23,"column":18},"end":{"line":38,"column":3}},"12":{"start":{"line":40,"column":15},"end":{"line":40,"column":36}},"13":{"start":{"line":41,"column":15},"end":{"line":41,"column":37}},"14":{"start":{"line":44,"column":2},"end":{"line":48,"column":154}},"15":{"start":{"line":50,"column":1},"end":{"line":55,"column":2}},"16":{"start":{"line":51,"column":2},"end":{"line":51,"column":51}},"17":{"start":{"line":53,"column":2},"end":{"line":53,"column":49}},"18":{"start":{"line":54,"column":2},"end":{"line":54,"column":41}}},"fnMap":{"0":{"name":"renderCurrentTask","decl":{"start":{"line":5,"column":22},"end":{"line":5,"column":39}},"loc":{"start":{"line":5,"column":55},"end":{"line":56,"column":1}}}},"branchMap":{"0":{"loc":{"start":{"line":15,"column":1},"end":{"line":17,"column":2}},"type":"if","locations":[{"start":{"line":15,"column":1},"end":{"line":17,"column":2}},{"start":{},"end":{}}]},"1":{"loc":{"start":{"line":19,"column":1},"end":{"line":21,"column":2}},"type":"if","locations":[{"start":{"line":19,"column":1},"end":{"line":21,"column":2}},{"start":{},"end":{}}]},"2":{"loc":{"start":{"line":32,"column":7},"end":{"line":32,"column":60}},"type":"cond-expr","locations":[{"start":{"line":32,"column":31},"end":{"line":32,"column":44}},{"start":{"line":32,"column":47},"end":{"line":32,"column":60}}]},"3":{"loc":{"start":{"line":45,"column":5},"end":{"line":45,"column":60}},"type":"cond-expr","locations":[{"start":{"line":45,"column":29},"end":{"line":45,"column":44}},{"start":{"line":45,"column":47},"end":{"line":45,"column":60}}]},"4":{"loc":{"start":{"line":48,"column":17},"end":{"line":48,"column":152}},"type":"cond-expr","locations":[{"start":{"line":48,"column":78},"end":{"line":48,"column":138}},{"start":{"line":48,"column":141},"end":{"line":48,"column":152}}]},"5":{"loc":{"start":{"line":48,"column":17},"end":{"line":48,"column":75}},"type":"binary-expr","locations":[{"start":{"line":48,"column":17},"end":{"line":48,"column":30}},{"start":{"line":48,"column":34},"end":{"line":48,"column":75}}]}},"s":{"0":0,"1":0,"2":0,"3":0,"4":0,"5":0,"6":0,"7":0,"8":0,"9":0,"10":0,"11":0,"12":0,"13":0,"14":0,"15":0,"16":0,"17":0,"18":0},"f":{"0":0},"b":{"0":[0,0],"1":[0,0],"2":[0,0],"3":[0,0],"4":[0,0],"5":[0,0]}}
,"D:\\Programming\\oreooks\\bot_service\\src\\tasks\\tasks.schema.ts": {"path":"D:\\Programming\\oreooks\\bot_service\\src\\tasks\\tasks.schema.ts","statementMap":{"0":{"start":{"line":1,"column":0},"end":{"line":1,"column":24}},"1":{"start":{"line":3,"column":13},"end":{"line":6,"column":40}},"2":{"start":{"line":8,"column":13},"end":{"line":11,"column":41}},"3":{"start":{"line":13,"column":13},"end":{"line":28,"column":4}},"4":{"start":{"line":20,"column":2},"end":{"line":26,"column":3}},"5":{"start":{"line":21,"column":3},"end":{"line":24,"column":4}},"6":{"start":{"line":22,"column":27},"end":{"line":22,"column":41}},"7":{"start":{"line":23,"column":4},"end":{"line":23,"column":44}},"8":{"start":{"line":25,"column":3},"end":{"line":25,"column":24}},"9":{"start":{"line":27,"column":2},"end":{"line":27,"column":13}},"10":{"start":{"line":30,"column":13},"end":{"line":37,"column":3}},"11":{"start":{"line":39,"column":13},"end":{"line":43,"column":3}},"12":{"start":{"line":47,"column":13},"end":{"line":51,"column":3}}},"fnMap":{"0":{"name":"(anonymous_0)","decl":{"start":{"line":19,"column":12},"end":{"line":19,"column":13}},"loc":{"start":{"line":19,"column":20},"end":{"line":28,"column":2}}}},"branchMap":{"0":{"loc":{"start":{"line":20,"column":2},"end":{"line":26,"column":3}},"type":"if","locations":[{"start":{"line":20,"column":2},"end":{"line":26,"column":3}},{"start":{},"end":{}}]},"1":{"loc":{"start":{"line":21,"column":3},"end":{"line":24,"column":4}},"type":"if","locations":[{"start":{"line":21,"column":3},"end":{"line":24,"column":4}},{"start":{},"end":{}}]}},"s":{"0":2,"1":2,"2":2,"3":2,"4":11,"5":3,"6":2,"7":2,"8":1,"9":8,"10":2,"11":2,"12":2},"f":{"0":11},"b":{"0":[3,8],"1":[2,1]}}
,"D:\\Programming\\oreooks\\bot_service\\src\\tasks\\tasks.service.ts": {"path":"D:\\Programming\\oreooks\\bot_service\\src\\tasks\\tasks.service.ts","statementMap":{"0":{"start":{"line":1,"column":0},"end":{"line":1,"column":56}},"1":{"start":{"line":3,"column":0},"end":{"line":3,"column":47}},"2":{"start":{"line":4,"column":0},"end":{"line":4,"column":77}},"3":{"start":{"line":8,"column":2},"end":{"line":8,"column":26}},"4":{"start":{"line":13,"column":2},"end":{"line":22,"column":3}},"5":{"start":{"line":14,"column":3},"end":{"line":21,"column":4}},"6":{"start":{"line":15,"column":4},"end":{"line":15,"column":46}},"7":{"start":{"line":16,"column":10},"end":{"line":21,"column":4}},"8":{"start":{"line":17,"column":17},"end":{"line":17,"column":40}},"9":{"start":{"line":18,"column":4},"end":{"line":20,"column":5}},"10":{"start":{"line":19,"column":5},"end":{"line":19,"column":38}},"11":{"start":{"line":24,"column":14},"end":{"line":34,"column":4}},"12":{"start":{"line":36,"column":2},"end":{"line":36,"column":47}},"13":{"start":{"line":40,"column":2},"end":{"line":42,"column":3}},"14":{"start":{"line":41,"column":3},"end":{"line":41,"column":53}},"15":{"start":{"line":45,"column":2},"end":{"line":54,"column":3}},"16":{"start":{"line":46,"column":3},"end":{"line":53,"column":4}},"17":{"start":{"line":47,"column":4},"end":{"line":47,"column":46}},"18":{"start":{"line":48,"column":10},"end":{"line":53,"column":4}},"19":{"start":{"line":49,"column":17},"end":{"line":49,"column":40}},"20":{"start":{"line":50,"column":4},"end":{"line":52,"column":5}},"21":{"start":{"line":51,"column":5},"end":{"line":51,"column":38}},"22":{"start":{"line":56,"column":14},"end":{"line":65,"column":4}},"23":{"start":{"line":67,"column":2},"end":{"line":67,"column":47}},"24":{"start":{"line":71,"column":14},"end":{"line":74,"column":4}},"25":{"start":{"line":76,"column":2},"end":{"line":76,"column":52}},"26":{"start":{"line":80,"column":14},"end":{"line":83,"column":4}},"27":{"start":{"line":85,"column":2},"end":{"line":85,"column":47}},"28":{"start":{"line":89,"column":14},"end":{"line":92,"column":4}},"29":{"start":{"line":94,"column":2},"end":{"line":94,"column":47}},"30":{"start":{"line":98,"column":14},"end":{"line":101,"column":4}},"31":{"start":{"line":103,"column":2},"end":{"line":103,"column":47}},"32":{"start":{"line":107,"column":0},"end":{"line":107,"column":33}}},"fnMap":{"0":{"name":"(anonymous_1)","decl":{"start":{"line":7,"column":1},"end":{"line":7,"column":null}},"loc":{"start":{"line":7,"column":1},"end":{"line":9,"column":2}}},"1":{"name":"(anonymous_2)","decl":{"start":{"line":11,"column":1},"end":{"line":11,"column":6}},"loc":{"start":{"line":11,"column":47},"end":{"line":37,"column":2}}},"2":{"name":"(anonymous_3)","decl":{"start":{"line":39,"column":1},"end":{"line":39,"column":6}},"loc":{"start":{"line":39,"column":47},"end":{"line":68,"column":2}}},"3":{"name":"(anonymous_4)","decl":{"start":{"line":70,"column":1},"end":{"line":70,"column":6}},"loc":{"start":{"line":70,"column":28},"end":{"line":77,"column":2}}},"4":{"name":"(anonymous_5)","decl":{"start":{"line":79,"column":1},"end":{"line":79,"column":6}},"loc":{"start":{"line":79,"column":43},"end":{"line":86,"column":2}}},"5":{"name":"(anonymous_6)","decl":{"start":{"line":88,"column":1},"end":{"line":88,"column":6}},"loc":{"start":{"line":88,"column":46},"end":{"line":95,"column":2}}},"6":{"name":"(anonymous_7)","decl":{"start":{"line":97,"column":1},"end":{"line":97,"column":6}},"loc":{"start":{"line":97,"column":51},"end":{"line":104,"column":2}}}},"branchMap":{"0":{"loc":{"start":{"line":13,"column":2},"end":{"line":22,"column":3}},"type":"if","locations":[{"start":{"line":13,"column":2},"end":{"line":22,"column":3}},{"start":{},"end":{}}]},"1":{"loc":{"start":{"line":14,"column":3},"end":{"line":21,"column":4}},"type":"if","locations":[{"start":{"line":14,"column":3},"end":{"line":21,"column":4}},{"start":{"line":16,"column":10},"end":{"line":21,"column":4}}]},"2":{"loc":{"start":{"line":16,"column":10},"end":{"line":21,"column":4}},"type":"if","locations":[{"start":{"line":16,"column":10},"end":{"line":21,"column":4}},{"start":{},"end":{}}]},"3":{"loc":{"start":{"line":18,"column":4},"end":{"line":20,"column":5}},"type":"if","locations":[{"start":{"line":18,"column":4},"end":{"line":20,"column":5}},{"start":{},"end":{}}]},"4":{"loc":{"start":{"line":40,"column":2},"end":{"line":42,"column":3}},"type":"if","locations":[{"start":{"line":40,"column":2},"end":{"line":42,"column":3}},{"start":{},"end":{}}]},"5":{"loc":{"start":{"line":45,"column":2},"end":{"line":54,"column":3}},"type":"if","locations":[{"start":{"line":45,"column":2},"end":{"line":54,"column":3}},{"start":{},"end":{}}]},"6":{"loc":{"start":{"line":46,"column":3},"end":{"line":53,"column":4}},"type":"if","locations":[{"start":{"line":46,"column":3},"end":{"line":53,"column":4}},{"start":{"line":48,"column":10},"end":{"line":53,"column":4}}]},"7":{"loc":{"start":{"line":48,"column":10},"end":{"line":53,"column":4}},"type":"if","locations":[{"start":{"line":48,"column":10},"end":{"line":53,"column":4}},{"start":{},"end":{}}]},"8":{"loc":{"start":{"line":50,"column":4},"end":{"line":52,"column":5}},"type":"if","locations":[{"start":{"line":50,"column":4},"end":{"line":52,"column":5}},{"start":{},"end":{}}]}},"s":{"0":1,"1":1,"2":1,"3":1,"4":4,"5":3,"6":2,"7":1,"8":1,"9":1,"10":1,"11":4,"12":4,"13":2,"14":1,"15":1,"16":1,"17":1,"18":0,"19":0,"20":0,"21":0,"22":1,"23":1,"24":2,"25":2,"26":1,"27":1,"28":1,"29":1,"30":1,"31":1,"32":1},"f":{"0":1,"1":4,"2":2,"3":2,"4":1,"5":1,"6":1},"b":{"0":[3,1],"1":[2,1],"2":[1,0],"3":[1,0],"4":[1,1],"5":[1,0],"6":[1,0],"7":[0,0],"8":[0,0]}}
,"D:\\Programming\\oreooks\\bot_service\\src\\tasks\\tasks.validator.ts": {"path":"D:\\Programming\\oreooks\\bot_service\\src\\tasks\\tasks.validator.ts","statementMap":{"0":{"start":{"line":1,"column":0},"end":{"line":1,"column":92}},"1":{"start":{"line":5,"column":2},"end":{"line":5,"column":38}},"2":{"start":{"line":9,"column":2},"end":{"line":9,"column":50}},"3":{"start":{"line":13,"column":2},"end":{"line":13,"column":40}},"4":{"start":{"line":17,"column":2},"end":{"line":17,"column":36}},"5":{"start":{"line":21,"column":0},"end":{"line":21,"column":35}}},"fnMap":{"0":{"name":"(anonymous_0)","decl":{"start":{"line":4,"column":1},"end":{"line":4,"column":14}},"loc":{"start":{"line":4,"column":28},"end":{"line":6,"column":2}}},"1":{"name":"(anonymous_1)","decl":{"start":{"line":8,"column":1},"end":{"line":8,"column":20}},"loc":{"start":{"line":8,"column":40},"end":{"line":10,"column":2}}},"2":{"name":"(anonymous_2)","decl":{"start":{"line":12,"column":1},"end":{"line":12,"column":17}},"loc":{"start":{"line":12,"column":30},"end":{"line":14,"column":2}}},"3":{"name":"(anonymous_3)","decl":{"start":{"line":16,"column":1},"end":{"line":16,"column":13}},"loc":{"start":{"line":16,"column":27},"end":{"line":18,"column":2}}}},"branchMap":{},"s":{"0":1,"1":3,"2":3,"3":4,"4":4,"5":1},"f":{"0":3,"1":3,"2":4,"3":4},"b":{}}
,"D:\\Programming\\oreooks\\bot_service\\src\\utils\\utils.ts": {"path":"D:\\Programming\\oreooks\\bot_service\\src\\utils\\utils.ts","statementMap":{"0":{"start":{"line":3,"column":0},"end":{"line":3,"column":16}},"1":{"start":{"line":4,"column":1},"end":{"line":11,"column":2}},"2":{"start":{"line":5,"column":2},"end":{"line":8,"column":4}},"3":{"start":{"line":9,"column":2},"end":{"line":9,"column":29}},"4":{"start":{"line":10,"column":2},"end":{"line":10,"column":35}},"5":{"start":{"line":13,"column":1},"end":{"line":13,"column":25}}},"fnMap":{"0":{"name":"getMessageText","decl":{"start":{"line":3,"column":16},"end":{"line":3,"column":30}},"loc":{"start":{"line":3,"column":46},"end":{"line":14,"column":1}}}},"branchMap":{"0":{"loc":{"start":{"line":4,"column":1},"end":{"line":11,"column":2}},"type":"if","locations":[{"start":{"line":4,"column":1},"end":{"line":11,"column":2}},{"start":{},"end":{}}]},"1":{"loc":{"start":{"line":4,"column":5},"end":{"line":4,"column":45}},"type":"binary-expr","locations":[{"start":{"line":4,"column":5},"end":{"line":4,"column":17}},{"start":{"line":4,"column":21},"end":{"line":4,"column":45}}]},"2":{"loc":{"start":{"line":7,"column":3},"end":{"line":7,"column":56}},"type":"cond-expr","locations":[{"start":{"line":7,"column":17},"end":{"line":7,"column":41}},{"start":{"line":7,"column":44},"end":{"line":7,"column":56}}]}},"s":{"0":0,"1":0,"2":0,"3":0,"4":0,"5":0},"f":{"0":0},"b":{"0":[0,0],"1":[0,0],"2":[0,0]}}
}
