TN:
SF:src\auth\auth.handler.ts
FN:12,(anonymous_1)
FN:34,(anonymous_2)
FN:92,(anonymous_3)
FN:96,(anonymous_4)
FN:99,(anonymous_5)
FNF:5
FNH:0
FNDA:0,(anonymous_1)
FNDA:0,(anonymous_2)
FNDA:0,(anonymous_3)
FNDA:0,(anonymous_4)
FNDA:0,(anonymous_5)
DA:2,0
DA:3,0
DA:4,0
DA:6,0
DA:7,0
DA:8,0
DA:10,0
DA:11,0
DA:13,0
DA:14,0
DA:16,0
DA:18,0
DA:19,0
DA:20,0
DA:23,0
DA:27,0
DA:31,0
DA:35,0
DA:36,0
DA:38,0
DA:40,0
DA:41,0
DA:42,0
DA:45,0
DA:47,0
DA:48,0
DA:53,0
DA:54,0
DA:57,0
DA:58,0
DA:60,0
DA:62,0
DA:67,0
DA:68,0
DA:76,0
DA:78,0
DA:80,0
DA:85,0
DA:87,0
DA:93,0
DA:97,0
DA:98,0
DA:99,0
DA:101,0
DA:104,0
DA:105,0
DA:108,0
DA:109,0
DA:111,0
DA:112,0
DA:113,0
DA:115,0
DA:116,0
DA:118,0
LF:54
LH:0
BRDA:18,0,0,0
BRDA:18,0,1,0
BRDA:19,1,0,0
BRDA:19,1,1,0
BRDA:40,2,0,0
BRDA:40,2,1,0
BRDA:41,3,0,0
BRDA:41,3,1,0
BRDA:47,4,0,0
BRDA:47,4,1,0
BRDA:85,5,0,0
BRDA:85,5,1,0
BRDA:93,6,0,0
BRDA:93,6,1,0
BRDA:97,7,0,0
BRDA:97,7,1,0
BRDA:98,8,0,0
BRDA:98,8,1,0
BRDA:104,9,0,0
BRDA:104,9,1,0
BRDA:104,10,0,0
BRDA:104,10,1,0
BRDA:111,11,0,0
BRDA:111,11,1,0
BRDA:111,12,0,0
BRDA:111,12,1,0
BRDA:115,13,0,0
BRDA:115,13,1,0
BRDA:115,14,0,0
BRDA:115,14,1,0
BRF:30
BRH:0
end_of_record
TN:
SF:src\auth\auth.message.ts
FN:1,formatGreeting
FNF:1
FNH:0
FNDA:0,formatGreeting
DA:1,0
DA:2,0
LF:2
LH:0
BRF:0
BRH:0
end_of_record
TN:
SF:src\auth\auth.schema.ts
FNF:0
FNH:0
DA:1,2
DA:3,2
DA:8,2
DA:13,2
DA:18,2
LF:5
LH:5
BRF:0
BRH:0
end_of_record
TN:
SF:src\auth\auth.service.ts
FN:6,(anonymous_1)
FN:10,(anonymous_2)
FNF:2
FNH:2
FNDA:1,(anonymous_1)
FNDA:6,(anonymous_2)
DA:1,1
DA:2,1
DA:3,1
DA:7,1
DA:11,6
DA:16,5
DA:20,1
LF:7
LH:7
BRF:0
BRH:0
end_of_record
TN:
SF:src\auth\auth.validator.ts
FN:4,(anonymous_0)
FN:8,(anonymous_1)
FN:12,(anonymous_2)
FNF:3
FNH:3
FNDA:3,(anonymous_0)
FNDA:3,(anonymous_1)
FNDA:3,(anonymous_2)
DA:1,1
DA:5,3
DA:9,3
DA:13,3
DA:17,1
LF:5
LH:5
BRF:0
BRH:0
end_of_record
TN:
SF:src\base\base.handler.ts
FN:4,(anonymous_0)
FNF:1
FNH:0
FNDA:0,(anonymous_0)
DA:3,0
DA:5,0
DA:6,0
LF:3
LH:0
BRF:0
BRH:0
end_of_record
TN:
SF:src\base\base.service.ts
FN:7,(anonymous_0)
FN:19,(anonymous_1)
FN:43,(anonymous_2)
FNF:3
FNH:3
FNDA:15,(anonymous_0)
FNDA:25,(anonymous_1)
FNDA:4,(anonymous_2)
DA:3,4
DA:9,15
DA:10,13
DA:12,2
DA:14,15
DA:20,25
DA:21,4
DA:22,4
DA:25,21
DA:26,21
DA:27,2
DA:28,2
DA:31,19
DA:32,19
DA:33,18
DA:34,15
DA:36,4
DA:37,4
DA:39,0
DA:44,4
DA:45,4
DA:47,0
LF:22
LH:20
BRDA:9,0,0,13
BRDA:9,0,1,2
BRDA:9,1,0,15
BRDA:9,1,1,14
BRDA:20,2,0,4
BRDA:20,2,1,21
BRDA:26,3,0,2
BRDA:26,3,1,19
BRDA:26,4,0,21
BRDA:26,4,1,21
BRDA:36,5,0,4
BRDA:36,5,1,0
BRF:12
BRH:11
end_of_record
TN:
SF:src\config\bot.config.ts
FN:8,startBot
FN:11,(anonymous_2)
FN:17,(anonymous_3)
FN:24,(anonymous_4)
FN:37,(anonymous_5)
FNF:5
FNH:0
FNDA:0,startBot
FNDA:0,(anonymous_2)
FNDA:0,(anonymous_3)
FNDA:0,(anonymous_4)
FNDA:0,(anonymous_5)
DA:1,0
DA:2,0
DA:3,0
DA:5,0
DA:6,0
DA:8,0
DA:9,0
DA:11,0
DA:12,0
DA:13,0
DA:16,0
DA:17,0
DA:18,0
DA:21,0
DA:24,0
DA:25,0
DA:27,0
DA:28,0
DA:34,0
DA:37,0
DA:38,0
DA:41,0
DA:43,0
LF:23
LH:0
BRDA:12,0,0,0
BRDA:12,0,1,0
BRDA:12,1,0,0
BRDA:12,1,1,0
BRDA:12,1,2,0
BRDA:16,2,0,0
BRDA:16,2,1,0
BRDA:16,3,0,0
BRDA:16,3,1,0
BRDA:27,4,0,0
BRDA:27,4,1,0
BRF:11
BRH:0
end_of_record
TN:
SF:src\config\env.config.ts
FNF:0
FNH:0
DA:1,3
DA:2,3
DA:4,3
DA:5,3
DA:6,3
DA:8,3
DA:9,0
DA:12,3
DA:13,0
DA:16,3
DA:17,0
LF:11
LH:8
BRDA:8,0,0,0
BRDA:8,0,1,3
BRDA:12,1,0,0
BRDA:12,1,1,3
BRDA:16,2,0,0
BRDA:16,2,1,3
BRF:6
BRH:3
end_of_record
TN:
SF:src\config\redis.config.ts
FNF:0
FNH:0
DA:1,0
DA:2,0
DA:4,0
LF:3
LH:0
BRF:0
BRH:0
end_of_record
TN:
SF:src\events\events.handler.ts
FN:1,eventsHandler
FNF:1
FNH:0
FNDA:0,eventsHandler
DA:1,0
DA:2,0
DA:4,0
LF:3
LH:0
BRF:0
BRH:0
end_of_record
TN:
SF:src\menu\menu.handler.ts
FN:9,(anonymous_0)
FN:23,(anonymous_1)
FN:34,(anonymous_2)
FN:46,(anonymous_3)
FNF:4
FNH:0
FNDA:0,(anonymous_0)
FNDA:0,(anonymous_1)
FNDA:0,(anonymous_2)
FNDA:0,(anonymous_3)
DA:2,0
DA:3,0
DA:4,0
DA:5,0
DA:7,0
DA:8,0
DA:10,0
DA:12,0
DA:17,0
DA:19,0
DA:20,0
DA:24,0
DA:26,0
DA:31,0
DA:35,0
DA:37,0
DA:42,0
DA:47,0
DA:48,0
DA:50,0
DA:51,0
DA:53,0
DA:55,0
DA:56,0
DA:58,0
DA:62,0
DA:63,0
DA:65,0
LF:28
LH:0
BRDA:50,0,0,0
BRDA:50,0,1,0
BRDA:50,1,0,0
BRDA:50,1,1,0
BRDA:55,2,0,0
BRDA:55,2,1,0
BRDA:62,3,0,0
BRDA:62,3,1,0
BRF:8
BRH:0
end_of_record
TN:
SF:src\menu\menu.messages.ts
FN:4,showMenu
FNF:1
FNH:0
FNDA:0,showMenu
DA:2,0
DA:4,0
DA:5,0
DA:13,0
LF:4
LH:0
BRF:0
BRH:0
end_of_record
TN:
SF:src\router\router.ts
FN:14,(anonymous_0)
FN:24,(anonymous_1)
FNF:2
FNH:0
FNDA:0,(anonymous_0)
FNDA:0,(anonymous_1)
DA:3,0
DA:4,0
DA:5,0
DA:6,0
DA:7,0
DA:9,0
DA:15,0
DA:25,0
DA:26,0
DA:28,0
DA:30,0
DA:32,0
DA:34,0
DA:35,0
DA:36,0
DA:41,0
DA:44,0
DA:45,0
DA:49,0
LF:19
LH:0
BRDA:26,0,0,0
BRDA:26,0,1,0
BRDA:34,1,0,0
BRDA:34,1,1,0
BRDA:34,2,0,0
BRDA:34,2,1,0
BRF:6
BRH:0
end_of_record
TN:
SF:src\schedule\schedule.handler.ts
FN:11,(anonymous_10)
FN:22,(anonymous_11)
FN:63,(anonymous_12)
FN:105,(anonymous_13)
FN:147,(anonymous_14)
FN:155,(anonymous_15)
FN:160,(anonymous_16)
FN:168,(anonymous_17)
FNF:8
FNH:0
FNDA:0,(anonymous_10)
FNDA:0,(anonymous_11)
FNDA:0,(anonymous_12)
FNDA:0,(anonymous_13)
FNDA:0,(anonymous_14)
FNDA:0,(anonymous_15)
FNDA:0,(anonymous_16)
FNDA:0,(anonymous_17)
DA:1,0
DA:3,0
DA:4,0
DA:5,0
DA:6,0
DA:9,0
DA:10,0
DA:12,0
DA:14,0
DA:19,0
DA:23,0
DA:24,0
DA:26,0
DA:27,0
DA:29,0
DA:30,0
DA:33,0
DA:36,0
DA:38,0
DA:46,0
DA:47,0
DA:52,0
DA:58,0
DA:59,0
DA:64,0
DA:65,0
DA:66,0
DA:68,0
DA:69,0
DA:71,0
DA:72,0
DA:75,0
DA:78,0
DA:80,0
DA:88,0
DA:89,0
DA:94,0
DA:100,0
DA:101,0
DA:106,0
DA:107,0
DA:108,0
DA:110,0
DA:111,0
DA:113,0
DA:114,0
DA:117,0
DA:120,0
DA:122,0
DA:130,0
DA:131,0
DA:136,0
DA:142,0
DA:143,0
DA:148,0
DA:150,0
DA:155,0
DA:156,0
DA:161,0
DA:163,0
DA:164,0
DA:166,0
DA:168,0
DA:170,0
DA:171,0
DA:174,0
DA:175,0
DA:178,0
LF:68
LH:0
BRDA:29,0,0,0
BRDA:29,0,1,0
BRDA:29,1,0,0
BRDA:29,1,1,0
BRDA:30,2,0,0
BRDA:30,2,1,0
BRDA:71,3,0,0
BRDA:71,3,1,0
BRDA:71,4,0,0
BRDA:71,4,1,0
BRDA:72,5,0,0
BRDA:72,5,1,0
BRDA:113,6,0,0
BRDA:113,6,1,0
BRDA:113,7,0,0
BRDA:113,7,1,0
BRDA:114,8,0,0
BRDA:114,8,1,0
BRDA:163,9,0,0
BRDA:163,9,1,0
BRDA:163,10,0,0
BRDA:163,10,1,0
BRDA:163,10,2,0
BRDA:170,11,0,0
BRDA:170,11,1,0
BRF:25
BRH:0
end_of_record
TN:
SF:src\schedule\schedule.messages.ts
FN:3,formatSchedule
FN:9,(anonymous_1)
FNF:2
FNH:0
FNDA:0,formatSchedule
FNDA:0,(anonymous_1)
DA:3,0
DA:4,0
DA:10,0
LF:3
LH:0
BRF:0
BRH:0
end_of_record
TN:
SF:src\schedule\schedule.schema.ts
FNF:0
FNH:0
DA:1,1
DA:3,1
DA:13,1
DA:21,1
LF:4
LH:4
BRF:0
BRH:0
end_of_record
TN:
SF:src\schedule\schedule.service.ts
FN:6,(anonymous_1)
FN:10,(anonymous_2)
FNF:2
FNH:2
FNDA:1,(anonymous_1)
FNDA:6,(anonymous_2)
DA:1,1
DA:2,1
DA:3,1
DA:7,1
DA:11,6
DA:12,6
DA:17,5
DA:21,1
LF:8
LH:8
BRF:0
BRH:0
end_of_record
TN:
SF:src\session\session.ts
FN:7,(anonymous_1)
FN:14,(anonymous_2)
FN:25,(anonymous_3)
FN:29,(anonymous_4)
FN:42,(anonymous_5)
FN:46,(anonymous_6)
FNF:6
FNH:0
FNDA:0,(anonymous_1)
FNDA:0,(anonymous_2)
FNDA:0,(anonymous_3)
FNDA:0,(anonymous_4)
FNDA:0,(anonymous_5)
FNDA:0,(anonymous_6)
DA:3,0
DA:6,0
DA:8,0
DA:9,0
DA:15,0
DA:17,0
DA:19,0
DA:20,0
DA:22,0
DA:26,0
DA:30,0
DA:32,0
DA:34,0
DA:39,0
DA:43,0
DA:47,0
DA:51,0
DA:52,0
DA:53,0
DA:54,0
LF:20
LH:0
BRDA:7,0,0,0
BRDA:17,1,0,0
BRDA:17,1,1,0
BRDA:32,2,0,0
BRDA:32,2,1,0
BRF:5
BRH:0
end_of_record
TN:
SF:src\tasks\tasks.handler.ts
FN:14,(anonymous_1)
FN:36,(anonymous_2)
FN:58,(anonymous_3)
FN:102,(anonymous_4)
FN:140,(anonymous_5)
FN:147,(anonymous_6)
FN:169,(anonymous_7)
FN:196,(anonymous_8)
FN:209,(anonymous_9)
FN:220,(anonymous_10)
FN:236,(anonymous_11)
FN:325,(anonymous_12)
FN:332,(anonymous_13)
FN:349,(anonymous_14)
FN:390,(anonymous_15)
FN:432,(anonymous_16)
FN:440,(anonymous_17)
FNF:17
FNH:0
FNDA:0,(anonymous_1)
FNDA:0,(anonymous_2)
FNDA:0,(anonymous_3)
FNDA:0,(anonymous_4)
FNDA:0,(anonymous_5)
FNDA:0,(anonymous_6)
FNDA:0,(anonymous_7)
FNDA:0,(anonymous_8)
FNDA:0,(anonymous_9)
FNDA:0,(anonymous_10)
FNDA:0,(anonymous_11)
FNDA:0,(anonymous_12)
FNDA:0,(anonymous_13)
FNDA:0,(anonymous_14)
FNDA:0,(anonymous_15)
FNDA:0,(anonymous_16)
FNDA:0,(anonymous_17)
DA:2,0
DA:3,0
DA:4,0
DA:5,0
DA:6,0
DA:8,0
DA:9,0
DA:12,0
DA:13,0
DA:15,0
DA:16,0
DA:18,0
DA:19,0
DA:20,0
DA:21,0
DA:24,0
DA:28,0
DA:32,0
DA:33,0
DA:37,0
DA:38,0
DA:40,0
DA:41,0
DA:42,0
DA:43,0
DA:46,0
DA:50,0
DA:54,0
DA:55,0
DA:59,0
DA:60,0
DA:62,0
DA:63,0
DA:64,0
DA:65,0
DA:68,0
DA:72,0
DA:74,0
DA:75,0
DA:76,0
DA:79,0
DA:80,0
DA:83,0
DA:84,0
DA:85,0
DA:87,0
DA:88,0
DA:91,0
DA:93,0
DA:98,0
DA:99,0
DA:103,0
DA:104,0
DA:105,0
DA:106,0
DA:107,0
DA:110,0
DA:111,0
DA:112,0
DA:113,0
DA:116,0
DA:117,0
DA:120,0
DA:121,0
DA:126,0
DA:127,0
DA:128,0
DA:132,0
DA:133,0
DA:136,0
DA:137,0
DA:141,0
DA:142,0
DA:146,0
DA:148,0
DA:149,0
DA:153,0
DA:154,0
DA:156,0
DA:157,0
DA:158,0
DA:161,0
DA:163,0
DA:164,0
DA:165,0
DA:168,0
DA:169,0
DA:174,0
DA:175,0
DA:178,0
DA:180,0
DA:188,0
DA:190,0
DA:191,0
DA:193,0
DA:197,0
DA:199,0
DA:201,0
DA:205,0
DA:206,0
DA:210,0
DA:212,0
DA:216,0
DA:217,0
DA:221,0
DA:222,0
DA:223,0
DA:224,0
DA:225,0
DA:227,0
DA:228,0
DA:232,0
DA:233,0
DA:236,0
DA:238,0
DA:239,0
DA:240,0
DA:244,0
DA:245,0
DA:246,0
DA:249,0
DA:250,0
DA:252,0
DA:253,0
DA:254,0
DA:255,0
DA:256,0
DA:257,0
DA:261,0
DA:262,0
DA:263,0
DA:265,0
DA:271,0
DA:272,0
DA:273,0
DA:280,0
DA:281,0
DA:284,0
DA:287,0
DA:293,0
DA:294,0
DA:295,0
DA:302,0
DA:303,0
DA:306,0
DA:308,0
DA:315,0
DA:320,0
DA:321,0
DA:326,0
DA:327,0
DA:331,0
DA:333,0
DA:334,0
DA:336,0
DA:337,0
DA:339,0
DA:343,0
DA:345,0
DA:346,0
DA:350,0
DA:351,0
DA:353,0
DA:354,0
DA:357,0
DA:358,0
DA:361,0
DA:362,0
DA:364,0
DA:365,0
DA:366,0
DA:373,0
DA:374,0
DA:377,0
DA:379,0
DA:384,0
DA:386,0
DA:391,0
DA:392,0
DA:394,0
DA:395,0
DA:398,0
DA:399,0
DA:402,0
DA:403,0
DA:405,0
DA:406,0
DA:407,0
DA:414,0
DA:415,0
DA:418,0
DA:420,0
DA:425,0
DA:427,0
DA:433,0
DA:435,0
DA:436,0
DA:438,0
DA:440,0
DA:442,0
DA:443,0
DA:444,0
DA:447,0
DA:448,0
DA:449,0
DA:452,0
DA:455,0
DA:456,0
DA:457,0
DA:459,0
DA:461,0
DA:462,0
DA:463,0
DA:466,0
LF:214
LH:0
BRDA:19,0,0,0
BRDA:19,0,1,0
BRDA:20,1,0,0
BRDA:20,1,1,0
BRDA:41,2,0,0
BRDA:41,2,1,0
BRDA:42,3,0,0
BRDA:42,3,1,0
BRDA:63,4,0,0
BRDA:63,4,1,0
BRDA:64,5,0,0
BRDA:64,5,1,0
BRDA:74,6,0,0
BRDA:74,6,1,0
BRDA:79,7,0,0
BRDA:79,7,1,0
BRDA:79,8,0,0
BRDA:79,8,1,0
BRDA:83,9,0,0
BRDA:83,9,1,0
BRDA:105,10,0,0
BRDA:105,10,1,0
BRDA:111,11,0,0
BRDA:111,11,1,0
BRDA:116,12,0,0
BRDA:116,12,1,0
BRDA:116,13,0,0
BRDA:116,13,1,0
BRDA:120,14,0,0
BRDA:120,14,1,0
BRDA:127,15,0,0
BRDA:127,15,1,0
BRDA:127,16,0,0
BRDA:127,16,1,0
BRDA:132,17,0,0
BRDA:132,17,1,0
BRDA:156,18,0,0
BRDA:156,18,1,0
BRDA:157,19,0,0
BRDA:157,19,1,0
BRDA:163,20,0,0
BRDA:163,20,1,0
BRDA:163,21,0,0
BRDA:163,21,1,0
BRDA:174,22,0,0
BRDA:174,22,1,0
BRDA:185,23,0,0
BRDA:185,23,1,0
BRDA:224,24,0,0
BRDA:224,24,1,0
BRDA:227,25,0,0
BRDA:227,25,1,0
BRDA:238,26,0,0
BRDA:238,26,1,0
BRDA:249,27,0,0
BRDA:249,27,1,0
BRDA:252,28,0,0
BRDA:252,28,1,0
BRDA:255,29,0,0
BRDA:255,29,1,0
BRDA:272,30,0,0
BRDA:272,30,1,0
BRDA:272,31,0,0
BRDA:272,31,1,0
BRDA:280,32,0,0
BRDA:280,32,1,0
BRDA:294,33,0,0
BRDA:294,33,1,0
BRDA:294,34,0,0
BRDA:294,34,1,0
BRDA:302,35,0,0
BRDA:302,35,1,0
BRDA:353,36,0,0
BRDA:353,36,1,0
BRDA:357,37,0,0
BRDA:357,37,1,0
BRDA:362,38,0,0
BRDA:362,38,1,0
BRDA:365,39,0,0
BRDA:365,39,1,0
BRDA:365,40,0,0
BRDA:365,40,1,0
BRDA:373,41,0,0
BRDA:373,41,1,0
BRDA:394,42,0,0
BRDA:394,42,1,0
BRDA:398,43,0,0
BRDA:398,43,1,0
BRDA:403,44,0,0
BRDA:403,44,1,0
BRDA:406,45,0,0
BRDA:406,45,1,0
BRDA:406,46,0,0
BRDA:406,46,1,0
BRDA:414,47,0,0
BRDA:414,47,1,0
BRDA:435,48,0,0
BRDA:435,48,1,0
BRDA:435,49,0,0
BRDA:435,49,1,0
BRDA:435,49,2,0
BRDA:442,50,0,0
BRDA:442,50,1,0
BRDA:447,51,0,0
BRDA:447,51,1,0
BRDA:461,52,0,0
BRDA:461,52,1,0
BRDA:461,53,0,0
BRDA:461,53,1,0
BRF:109
BRH:0
end_of_record
TN:
SF:src\tasks\tasks.messages.ts
FN:5,renderCurrentTask
FNF:1
FNH:0
FNDA:0,renderCurrentTask
DA:2,0
DA:3,0
DA:5,0
DA:6,0
DA:7,0
DA:8,0
DA:10,0
DA:15,0
DA:16,0
DA:19,0
DA:20,0
DA:23,0
DA:40,0
DA:41,0
DA:44,0
DA:50,0
DA:51,0
DA:53,0
DA:54,0
LF:19
LH:0
BRDA:15,0,0,0
BRDA:15,0,1,0
BRDA:19,1,0,0
BRDA:19,1,1,0
BRDA:32,2,0,0
BRDA:32,2,1,0
BRDA:45,3,0,0
BRDA:45,3,1,0
BRDA:48,4,0,0
BRDA:48,4,1,0
BRDA:48,5,0,0
BRDA:48,5,1,0
BRF:12
BRH:0
end_of_record
TN:
SF:src\tasks\tasks.schema.ts
FN:19,(anonymous_0)
FNF:1
FNH:1
FNDA:11,(anonymous_0)
DA:1,2
DA:3,2
DA:8,2
DA:13,2
DA:20,11
DA:21,3
DA:22,2
DA:23,2
DA:25,1
DA:27,8
DA:30,2
DA:39,2
DA:47,2
LF:13
LH:13
BRDA:20,0,0,3
BRDA:20,0,1,8
BRDA:21,1,0,2
BRDA:21,1,1,1
BRF:4
BRH:4
end_of_record
TN:
SF:src\tasks\tasks.service.ts
FN:7,(anonymous_1)
FN:11,(anonymous_2)
FN:39,(anonymous_3)
FN:70,(anonymous_4)
FN:79,(anonymous_5)
FN:88,(anonymous_6)
FN:97,(anonymous_7)
FNF:7
FNH:7
FNDA:1,(anonymous_1)
FNDA:4,(anonymous_2)
FNDA:2,(anonymous_3)
FNDA:2,(anonymous_4)
FNDA:1,(anonymous_5)
FNDA:1,(anonymous_6)
FNDA:1,(anonymous_7)
DA:1,1
DA:3,1
DA:4,1
DA:8,1
DA:13,4
DA:14,3
DA:15,2
DA:16,1
DA:17,1
DA:18,1
DA:19,1
DA:24,4
DA:36,4
DA:40,2
DA:41,1
DA:45,1
DA:46,1
DA:47,1
DA:48,0
DA:49,0
DA:50,0
DA:51,0
DA:56,1
DA:67,1
DA:71,2
DA:76,2
DA:80,1
DA:85,1
DA:89,1
DA:94,1
DA:98,1
DA:103,1
DA:107,1
LF:33
LH:29
BRDA:13,0,0,3
BRDA:13,0,1,1
BRDA:14,1,0,2
BRDA:14,1,1,1
BRDA:16,2,0,1
BRDA:16,2,1,0
BRDA:18,3,0,1
BRDA:18,3,1,0
BRDA:40,4,0,1
BRDA:40,4,1,1
BRDA:45,5,0,1
BRDA:45,5,1,0
BRDA:46,6,0,1
BRDA:46,6,1,0
BRDA:48,7,0,0
BRDA:48,7,1,0
BRDA:50,8,0,0
BRDA:50,8,1,0
BRF:18
BRH:10
end_of_record
TN:
SF:src\tasks\tasks.validator.ts
FN:4,(anonymous_0)
FN:8,(anonymous_1)
FN:12,(anonymous_2)
FN:16,(anonymous_3)
FNF:4
FNH:4
FNDA:3,(anonymous_0)
FNDA:3,(anonymous_1)
FNDA:4,(anonymous_2)
FNDA:4,(anonymous_3)
DA:1,1
DA:5,3
DA:9,3
DA:13,4
DA:17,4
DA:21,1
LF:6
LH:6
BRF:0
BRH:0
end_of_record
TN:
SF:src\utils\utils.ts
FN:3,getMessageText
FNF:1
FNH:0
FNDA:0,getMessageText
DA:3,0
DA:4,0
DA:5,0
DA:9,0
DA:10,0
DA:13,0
LF:6
LH:0
BRDA:4,0,0,0
BRDA:4,0,1,0
BRDA:4,1,0,0
BRDA:4,1,1,0
BRDA:7,2,0,0
BRDA:7,2,1,0
BRF:6
BRH:0
end_of_record
